{"logTime": "1124/224435", "correlationVector":"c6UJyLYvsQT/VyOxwWr43R.62","action":"GetUpdates", "result":"DeleteReceived", "context":{"id":"ad1363be-4ac5-49cc-bbd3-9f30af1d6496", "isDeleted:":"true", "version":"1732323461287"}}
{"logTime": "1124/224435", "correlationVector":"c6UJyLYvsQT/VyOxwWr43R.63","action":"GetUpdates", "result":"DeleteReceived", "context":{"id":"809e355f-0329-42bb-a289-8f2b58a111ab", "isDeleted:":"true", "version":"1732323462988"}}
{"logTime": "1124/224435", "correlationVector":"c6UJyLYvsQT/VyOxwWr43R.64","action":"GetUpdates", "result":"DeleteReceived", "context":{"id":"812687b6-473c-442b-a14f-d62f7f32ce49", "isDeleted:":"true", "version":"1732323462989"}}
{"logTime": "1124/224435", "correlationVector":"c6UJyLYvsQT/VyOxwWr43R.65","action":"GetUpdates", "result":"DeleteReceived", "context":{"id":"ba3b95d1-7486-4b44-9e37-e7b79509af9d", "isDeleted:":"true", "version":"1732323462990"}}
{"logTime": "1124/224435", "correlationVector":"c6UJyLYvsQT/VyOxwWr43R.66","action":"GetUpdates", "result":"DeleteReceived", "context":{"id":"173caf34-d971-41f4-aec1-79b1c3cd2fa9", "isDeleted:":"true", "version":"1732323462991"}}
{"logTime": "1124/224435", "correlationVector":"c6UJyLYvsQT/VyOxwWr43R.67","action":"GetUpdates", "result":"DeleteReceived", "context":{"id":"e431eb80-6092-47cc-b5a7-2adec4639237", "isDeleted:":"true", "version":"1732323462992"}}
{"logTime": "1124/224435", "correlationVector":"c6UJyLYvsQT/VyOxwWr43R.68","action":"GetUpdates", "result":"DeleteReceived", "context":{"id":"17116bb0-cd50-4e75-b68f-84d27a80f3b0", "isDeleted:":"true", "version":"1732323462993"}}
{"logTime": "1124/224435", "correlationVector":"c6UJyLYvsQT/VyOxwWr43R.69","action":"GetUpdates", "result":"DeleteReceived", "context":{"id":"482bc683-5a11-4f19-a4ee-5ec795ef11fa", "isDeleted:":"true", "version":"1732323462994"}}
{"logTime": "1124/224435", "correlationVector":"c6UJyLYvsQT/VyOxwWr43R.70","action":"GetUpdates", "result":"DeleteReceived", "context":{"id":"f9fc64cd-e047-4151-811e-2a3ca7ae172a", "isDeleted:":"true", "version":"1732323462995"}}
{"logTime": "1124/224435", "correlationVector":"c6UJyLYvsQT/VyOxwWr43R.71","action":"GetUpdates", "result":"DeleteReceived", "context":{"id":"279f2b81-8919-4ddb-a83c-f058a60dcfc2", "isDeleted:":"true", "version":"1732323462996"}}
{"logTime": "1124/224435", "correlationVector":"c6UJyLYvsQT/VyOxwWr43R.72","action":"GetUpdates", "result":"DeleteReceived", "context":{"id":"944675d2-f847-4440-885c-c33dd220fd91", "isDeleted:":"true", "version":"1732323462997"}}
{"logTime": "1124/224435", "correlationVector":"c6UJyLYvsQT/VyOxwWr43R.73","action":"GetUpdates", "result":"DeleteReceived", "context":{"id":"26adcd71-d068-4682-9dd6-7a6a2bbe79bb", "isDeleted:":"true", "version":"1732323462998"}}
{"logTime": "1124/224435", "correlationVector":"c6UJyLYvsQT/VyOxwWr43R.74","action":"GetUpdates", "result":"DeleteReceived", "context":{"id":"b9c42413-81bb-48ed-bf7f-49507aab85fb", "isDeleted:":"true", "version":"1732323462999"}}
{"logTime": "1124/224435", "correlationVector":"c6UJyLYvsQT/VyOxwWr43R.75","action":"GetUpdates", "result":"DeleteReceived", "context":{"id":"931812e3-1b73-49a7-a232-4636381e5c38", "isDeleted:":"true", "version":"1732323463000"}}
{"logTime": "1124/224435", "correlationVector":"c6UJyLYvsQT/VyOxwWr43R.76","action":"GetUpdates", "result":"DeleteReceived", "context":{"id":"903d9d34-f366-47e9-bea3-45b4a1f9a40a", "isDeleted:":"true", "version":"1732323463001"}}
{"logTime": "1124/224435", "correlationVector":"c6UJyLYvsQT/VyOxwWr43R.77","action":"GetUpdates", "result":"DeleteReceived", "context":{"id":"0ddfd429-0133-4d27-8e8c-d47929973718", "isDeleted:":"true", "version":"1732323463002"}}
{"logTime": "1124/224435", "correlationVector":"c6UJyLYvsQT/VyOxwWr43R.78","action":"GetUpdates", "result":"DeleteReceived", "context":{"id":"46eb37f7-306e-4759-bbee-df44c55516a5", "isDeleted:":"true", "version":"1732323463003"}}
{"logTime": "1124/224435", "correlationVector":"c6UJyLYvsQT/VyOxwWr43R.79","action":"GetUpdates", "result":"DeleteReceived", "context":{"id":"f9eb3e71-975e-4feb-93b6-7c617791f9fe", "isDeleted:":"true", "version":"1732323463004"}}
{"logTime": "1124/224435", "correlationVector":"c6UJyLYvsQT/VyOxwWr43R.80","action":"GetUpdates", "result":"DeleteReceived", "context":{"id":"15f21e52-6d6e-414d-b536-7c62dca072e3", "isDeleted:":"true", "version":"1732323463005"}}
{"logTime": "1124/224435", "correlationVector":"c6UJyLYvsQT/VyOxwWr43R.81","action":"GetUpdates", "result":"DeleteReceived", "context":{"id":"5fb99944-3489-4f91-bda1-ed8029226e56", "isDeleted:":"true", "version":"1732323463006"}}
{"logTime": "1124/224435", "correlationVector":"c6UJyLYvsQT/VyOxwWr43R.82","action":"GetUpdates", "result":"DeleteReceived", "context":{"id":"f3e2a826-c3fc-4947-9004-035435d6fde1", "isDeleted:":"true", "version":"1732323463007"}}
{"logTime": "1124/224435", "correlationVector":"c6UJyLYvsQT/VyOxwWr43R.83","action":"GetUpdates", "result":"DeleteReceived", "context":{"id":"866b50cb-3b84-41fc-add9-168cb4291416", "isDeleted:":"true", "version":"1732323463008"}}
{"logTime": "1124/224435", "correlationVector":"c6UJyLYvsQT/VyOxwWr43R.84","action":"GetUpdates", "result":"DeleteReceived", "context":{"id":"55d74eca-3b3d-4345-a06f-09e2121d2ee1", "isDeleted:":"true", "version":"1732323463009"}}
{"logTime": "1124/224435", "correlationVector":"c6UJyLYvsQT/VyOxwWr43R.85","action":"GetUpdates", "result":"DeleteReceived", "context":{"id":"c6a88a1d-ae96-4805-82ac-8a479e7eff22", "isDeleted:":"true", "version":"1732323463010"}}
{"logTime": "1124/224435", "correlationVector":"c6UJyLYvsQT/VyOxwWr43R.86","action":"GetUpdates", "result":"DeleteReceived", "context":{"id":"c8b96400-ac5c-4aa6-8d10-3c5029d6e010", "isDeleted:":"true", "version":"1732323463011"}}
{"logTime": "1124/224435", "correlationVector":"c6UJyLYvsQT/VyOxwWr43R.87","action":"GetUpdates", "result":"DeleteReceived", "context":{"id":"76f002d2-7a0f-4a66-82b2-91392d2ada58", "isDeleted:":"true", "version":"1732323463012"}}
{"logTime": "1124/224435", "correlationVector":"c6UJyLYvsQT/VyOxwWr43R.88","action":"GetUpdates", "result":"DeleteReceived", "context":{"id":"8f934bbd-1985-47c7-a1a6-468a5d109449", "isDeleted:":"true", "version":"1732323463013"}}
{"logTime": "1124/224435", "correlationVector":"c6UJyLYvsQT/VyOxwWr43R.89","action":"GetUpdates", "result":"DeleteReceived", "context":{"id":"f6e23cae-62d3-4ae0-a957-970cd3c30c64", "isDeleted:":"true", "version":"1732323463014"}}
{"logTime": "1124/224435", "correlationVector":"c6UJyLYvsQT/VyOxwWr43R.90","action":"GetUpdates", "result":"DeleteReceived", "context":{"id":"f26a88d3-d3ac-42d4-8bd0-9a606c4d3f11", "isDeleted:":"true", "version":"1732323463015"}}
{"logTime": "1124/224435", "correlationVector":"c6UJyLYvsQT/VyOxwWr43R.91","action":"GetUpdates", "result":"DeleteReceived", "context":{"id":"5310a6ee-b250-4e71-9a7a-a8ead2841706", "isDeleted:":"true", "version":"1732323463016"}}
{"logTime": "1124/224435", "correlationVector":"c6UJyLYvsQT/VyOxwWr43R.92","action":"GetUpdates", "result":"DeleteReceived", "context":{"id":"2b87b154-0233-4cc2-9c9a-99b4bde2ec9b", "isDeleted:":"true", "version":"1732323463017"}}
{"logTime": "1124/224435", "correlationVector":"c6UJyLYvsQT/VyOxwWr43R.93","action":"GetUpdates", "result":"DeleteReceived", "context":{"id":"59cd6cb6-1af1-4ce5-8570-ea808eaac3dc", "isDeleted:":"true", "version":"1732323463018"}}
{"logTime": "1124/224435", "correlationVector":"c6UJyLYvsQT/VyOxwWr43R.94","action":"GetUpdates", "result":"DeleteReceived", "context":{"id":"6e967df4-ee7d-4deb-a715-b44fdd71e2be", "isDeleted:":"true", "version":"1732323463019"}}
{"logTime": "1124/224435", "correlationVector":"c6UJyLYvsQT/VyOxwWr43R.95","action":"GetUpdates", "result":"DeleteReceived", "context":{"id":"0a3fe615-2ecc-4b8a-81bb-60dd4c423775", "isDeleted:":"true", "version":"1732323463020"}}
{"logTime": "1124/224435", "correlationVector":"c6UJyLYvsQT/VyOxwWr43R.96","action":"GetUpdates", "result":"DeleteReceived", "context":{"id":"64b9b71f-561c-4e3b-aea6-21de6ecd0b96", "isDeleted:":"true", "version":"1732323463021"}}
{"logTime": "1124/224435", "correlationVector":"c6UJyLYvsQT/VyOxwWr43R.97","action":"GetUpdates", "result":"DeleteReceived", "context":{"id":"a226d6d9-af1e-4345-9150-dafdcb6f023f", "isDeleted:":"true", "version":"1732323463022"}}
{"logTime": "1124/224435", "correlationVector":"c6UJyLYvsQT/VyOxwWr43R.98","action":"GetUpdates", "result":"DeleteReceived", "context":{"id":"c0f7e266-0254-4ea9-99be-cd5d4a8606f4", "isDeleted:":"true", "version":"1732323463023"}}
{"logTime": "1124/224435", "correlationVector":"c6UJyLYvsQT/VyOxwWr43R.99","action":"GetUpdates", "result":"DeleteReceived", "context":{"id":"a1fd656b-516a-4f41-a68a-b3a70110df4c", "isDeleted:":"true", "version":"1732323463024"}}
{"logTime": "1124/224435", "correlationVector":"c6UJyLYvsQT/VyOxwWr43R.100","action":"GetUpdates", "result":"DeleteReceived", "context":{"id":"4cefdf6a-28ad-4cd8-a846-0492a45838c7", "isDeleted:":"true", "version":"1732323463025"}}
{"logTime": "1124/224435", "correlationVector":"c6UJyLYvsQT/VyOxwWr43R.101","action":"GetUpdates", "result":"DeleteReceived", "context":{"id":"97028c88-719c-4155-926e-51616fee71ce", "isDeleted:":"true", "version":"1732323463026"}}
{"logTime": "1124/224435", "correlationVector":"c6UJyLYvsQT/VyOxwWr43R.102","action":"GetUpdates", "result":"DeleteReceived", "context":{"id":"df685afc-d849-45a6-8bf8-187458027a60", "isDeleted:":"true", "version":"1732323463027"}}
{"logTime": "1124/224435", "correlationVector":"c6UJyLYvsQT/VyOxwWr43R.103","action":"GetUpdates", "result":"DeleteReceived", "context":{"id":"d3987a02-a1e7-46b8-a61a-c24d633d387d", "isDeleted:":"true", "version":"1732323464564"}}
{"logTime": "1124/224435", "correlationVector":"c6UJyLYvsQT/VyOxwWr43R.104","action":"GetUpdates", "result":"DeleteReceived", "context":{"id":"14566b9b-e00e-4313-9946-734b57f2c8d3", "isDeleted:":"true", "version":"1732323464565"}}
{"logTime": "1124/224435", "correlationVector":"c6UJyLYvsQT/VyOxwWr43R.105","action":"GetUpdates", "result":"DeleteReceived", "context":{"id":"5340ae4b-ae4a-474d-8b32-042cf79f5710", "isDeleted:":"true", "version":"1732323464566"}}
{"logTime": "1124/224435", "correlationVector":"c6UJyLYvsQT/VyOxwWr43R.106","action":"GetUpdates", "result":"DeleteReceived", "context":{"id":"7c4aed9f-e3ed-45ea-ad7e-f902b3446d56", "isDeleted:":"true", "version":"1732323464567"}}
{"logTime": "1124/224435", "correlationVector":"c6UJyLYvsQT/VyOxwWr43R.107","action":"GetUpdates", "result":"DeleteReceived", "context":{"id":"f2f7f371-213b-475f-a019-ce0aebee7cbe", "isDeleted:":"true", "version":"1732323464568"}}
{"logTime": "1124/224435", "correlationVector":"c6UJyLYvsQT/VyOxwWr43R.108","action":"GetUpdates", "result":"DeleteReceived", "context":{"id":"cbde43bb-03ff-4099-a663-249308de6b8f", "isDeleted:":"true", "version":"1732323464569"}}
{"logTime": "1124/224435", "correlationVector":"c6UJyLYvsQT/VyOxwWr43R.109","action":"GetUpdates", "result":"DeleteReceived", "context":{"id":"37b0deb1-70bd-45ad-be81-bb3991411701", "isDeleted:":"true", "version":"1732323464570"}}
{"logTime": "1124/224435", "correlationVector":"c6UJyLYvsQT/VyOxwWr43R.110","action":"GetUpdates", "result":"DeleteReceived", "context":{"id":"b74ac7ed-7c8d-4bbd-802a-fc6527dba515", "isDeleted:":"true", "version":"1732323464571"}}
{"logTime": "1124/224435", "correlationVector":"c6UJyLYvsQT/VyOxwWr43R.111","action":"GetUpdates", "result":"DeleteReceived", "context":{"id":"1403336f-d8e9-48b7-9ffc-ebc5cf3c818a", "isDeleted:":"true", "version":"1732323464572"}}
{"logTime": "1124/224435", "correlationVector":"c6UJyLYvsQT/VyOxwWr43R.112","action":"GetUpdates", "result":"DeleteReceived", "context":{"id":"7ac8bb8f-deea-44f6-a1ca-260f2fa92844", "isDeleted:":"true", "version":"1732323464573"}}
{"logTime": "1124/224435", "correlationVector":"c6UJyLYvsQT/VyOxwWr43R.113","action":"GetUpdates", "result":"DeleteReceived", "context":{"id":"4e100849-51dd-4658-b685-c96a04c78b80", "isDeleted:":"true", "version":"1732323464574"}}
{"logTime": "1124/224435", "correlationVector":"c6UJyLYvsQT/VyOxwWr43R.114","action":"GetUpdates", "result":"DeleteReceived", "context":{"id":"6b5e258e-a42e-4541-b52a-7f6f4a66a456", "isDeleted:":"true", "version":"1732323464575"}}
{"logTime": "1124/224435", "correlationVector":"c6UJyLYvsQT/VyOxwWr43R.115","action":"GetUpdates", "result":"DeleteReceived", "context":{"id":"83709256-a646-48c4-82b0-5c2d81e296b0", "isDeleted:":"true", "version":"1732323464576"}}
{"logTime": "1124/224435", "correlationVector":"c6UJyLYvsQT/VyOxwWr43R.116","action":"GetUpdates", "result":"DeleteReceived", "context":{"id":"2b11400f-e92b-4882-a2f5-b0ef591403dc", "isDeleted:":"true", "version":"1732323464577"}}
{"logTime": "1124/224435", "correlationVector":"c6UJyLYvsQT/VyOxwWr43R.117","action":"GetUpdates", "result":"DeleteReceived", "context":{"id":"0cd0fbe3-3eaf-4bb0-ba2b-d369d35e97d0", "isDeleted:":"true", "version":"1732323464578"}}
{"logTime": "1124/224435", "correlationVector":"c6UJyLYvsQT/VyOxwWr43R.118","action":"GetUpdates", "result":"DeleteReceived", "context":{"id":"3f09d5c0-d836-4373-adfb-830166c412d5", "isDeleted:":"true", "version":"1732323464579"}}
{"logTime": "1124/224435", "correlationVector":"c6UJyLYvsQT/VyOxwWr43R.119","action":"GetUpdates", "result":"DeleteReceived", "context":{"id":"3a72d8f9-937a-4dbb-8c4a-5f670efe7ec1", "isDeleted:":"true", "version":"1732323464580"}}
{"logTime": "1124/224435", "correlationVector":"c6UJyLYvsQT/VyOxwWr43R.120","action":"GetUpdates", "result":"DeleteReceived", "context":{"id":"bc38cf01-1aca-40e2-bec4-7e7f50695f42", "isDeleted:":"true", "version":"1732323464581"}}
{"logTime": "1124/224435", "correlationVector":"c6UJyLYvsQT/VyOxwWr43R.121","action":"GetUpdates", "result":"DeleteReceived", "context":{"id":"3c300bee-9acf-45c3-9f2c-cb57157be508", "isDeleted:":"true", "version":"1732323464582"}}
{"logTime": "1124/224435", "correlationVector":"c6UJyLYvsQT/VyOxwWr43R.122","action":"GetUpdates", "result":"DeleteReceived", "context":{"id":"8fe5c5ce-c1f4-4472-970c-6725ca32fc63", "isDeleted:":"true", "version":"1732323464583"}}
{"logTime": "1124/224435", "correlationVector":"c6UJyLYvsQT/VyOxwWr43R.123","action":"GetUpdates", "result":"DeleteReceived", "context":{"id":"e5f66f32-bc4a-4fca-bbd5-15b48be10955", "isDeleted:":"true", "version":"1732323464584"}}
{"logTime": "1124/224435", "correlationVector":"c6UJyLYvsQT/VyOxwWr43R.124","action":"GetUpdates", "result":"DeleteReceived", "context":{"id":"29f3d5cb-42fb-470a-9e2c-eade221a3648", "isDeleted:":"true", "version":"1732323464585"}}
{"logTime": "1124/224435", "correlationVector":"c6UJyLYvsQT/VyOxwWr43R.125","action":"GetUpdates", "result":"DeleteReceived", "context":{"id":"3fe597e3-148c-458c-87bc-73616eae2512", "isDeleted:":"true", "version":"1732323464586"}}
{"logTime": "1124/224435", "correlationVector":"c6UJyLYvsQT/VyOxwWr43R.126","action":"GetUpdates", "result":"DeleteReceived", "context":{"id":"539ea2e1-a94a-4304-80f3-46c0ece194ba", "isDeleted:":"true", "version":"1732323464587"}}
{"logTime": "1124/224435", "correlationVector":"c6UJyLYvsQT/VyOxwWr43R.127","action":"GetUpdates", "result":"DeleteReceived", "context":{"id":"f623ee30-f7a6-4bf9-924f-fb221ff35587", "isDeleted:":"true", "version":"1732323464588"}}
{"logTime": "1124/224435", "correlationVector":"c6UJyLYvsQT/VyOxwWr43R.128","action":"GetUpdates", "result":"DeleteReceived", "context":{"id":"18a11b01-dd4a-4936-842a-cecaf3461790", "isDeleted:":"true", "version":"1732323464589"}}
{"logTime": "1124/224435", "correlationVector":"c6UJyLYvsQT/VyOxwWr43R.129","action":"GetUpdates", "result":"DeleteReceived", "context":{"id":"7286a975-81b8-4868-a6d0-8e718e67b2aa", "isDeleted:":"true", "version":"1732323464590"}}
{"logTime": "1124/224435", "correlationVector":"c6UJyLYvsQT/VyOxwWr43R.130","action":"GetUpdates", "result":"DeleteReceived", "context":{"id":"6257f841-e3b2-487f-98a7-bcc3646c786d", "isDeleted:":"true", "version":"1732323464591"}}
{"logTime": "1124/224435", "correlationVector":"c6UJyLYvsQT/VyOxwWr43R.131","action":"GetUpdates", "result":"DeleteReceived", "context":{"id":"7207945c-77e9-48b6-9fff-fb7cceaaae96", "isDeleted:":"true", "version":"1732323464592"}}
{"logTime": "1124/224435", "correlationVector":"c6UJyLYvsQT/VyOxwWr43R.132","action":"GetUpdates", "result":"DeleteReceived", "context":{"id":"df326842-56dc-4113-ab1c-34cc83b90d9d", "isDeleted:":"true", "version":"1732323464593"}}
{"logTime": "1124/224435", "correlationVector":"c6UJyLYvsQT/VyOxwWr43R.133","action":"GetUpdates", "result":"DeleteReceived", "context":{"id":"cbdf3f8e-98ef-4665-a96e-acfc2021bbbe", "isDeleted:":"true", "version":"1732323464594"}}
{"logTime": "1124/224435", "correlationVector":"c6UJyLYvsQT/VyOxwWr43R.134","action":"GetUpdates", "result":"DeleteReceived", "context":{"id":"81324c3b-9644-4997-b27b-5af514b673f4", "isDeleted:":"true", "version":"1732323464595"}}
{"logTime": "1124/224435", "correlationVector":"c6UJyLYvsQT/VyOxwWr43R.135","action":"GetUpdates", "result":"DeleteReceived", "context":{"id":"2c346638-603c-4ac2-b9e0-49690a31f5fd", "isDeleted:":"true", "version":"1732323464596"}}
{"logTime": "1124/224435", "correlationVector":"c6UJyLYvsQT/VyOxwWr43R.136","action":"GetUpdates", "result":"DeleteReceived", "context":{"id":"af4e3751-8545-48f0-8f78-8aaffb5d4207", "isDeleted:":"true", "version":"1732323464597"}}
{"logTime": "1124/224435", "correlationVector":"c6UJyLYvsQT/VyOxwWr43R.137","action":"GetUpdates", "result":"DeleteReceived", "context":{"id":"0c6abe2d-c601-49ea-9d45-33c79b4f72ab", "isDeleted:":"true", "version":"1732323464598"}}
{"logTime": "1124/224435", "correlationVector":"c6UJyLYvsQT/VyOxwWr43R.138","action":"GetUpdates", "result":"DeleteReceived", "context":{"id":"8a532dc0-ee07-4f22-85cd-96a3a3a92485", "isDeleted:":"true", "version":"1732323464599"}}
{"logTime": "1124/224435", "correlationVector":"c6UJyLYvsQT/VyOxwWr43R.139","action":"GetUpdates", "result":"DeleteReceived", "context":{"id":"6c186fd5-95bb-4987-8b63-74ac1ade44e5", "isDeleted:":"true", "version":"1732323464600"}}
{"logTime": "1124/224435", "correlationVector":"c6UJyLYvsQT/VyOxwWr43R.140","action":"GetUpdates", "result":"DeleteReceived", "context":{"id":"6208845b-870c-4314-8059-079671c369fc", "isDeleted:":"true", "version":"1732323464601"}}
{"logTime": "1124/224435", "correlationVector":"c6UJyLYvsQT/VyOxwWr43R.141","action":"GetUpdates", "result":"DeleteReceived", "context":{"id":"db3ee643-33e4-4219-baf1-f01b2120da81", "isDeleted:":"true", "version":"1732323464602"}}
{"logTime": "1124/224435", "correlationVector":"c6UJyLYvsQT/VyOxwWr43R.142","action":"GetUpdates", "result":"DeleteReceived", "context":{"id":"220049f9-9e33-4771-bdeb-d4b4fd1fe49a", "isDeleted:":"true", "version":"1732323464603"}}
{"logTime": "1124/224435", "correlationVector":"c6UJyLYvsQT/VyOxwWr43R.143","action":"GetUpdates", "result":"DeleteReceived", "context":{"id":"2d930bbf-f548-42da-aeb8-b71fa3bc4f70", "isDeleted:":"true", "version":"1732323466119"}}
{"logTime": "1124/224435", "correlationVector":"c6UJyLYvsQT/VyOxwWr43R.144","action":"GetUpdates", "result":"DeleteReceived", "context":{"id":"f3504f45-0bbd-421f-960d-878a5f8a7896", "isDeleted:":"true", "version":"1732323466120"}}
{"logTime": "1124/224435", "correlationVector":"c6UJyLYvsQT/VyOxwWr43R.145","action":"GetUpdates", "result":"DeleteReceived", "context":{"id":"1c328878-bb93-4940-9f08-2b3f1d69a0a6", "isDeleted:":"true", "version":"1732323466121"}}
{"logTime": "1124/224435", "correlationVector":"c6UJyLYvsQT/VyOxwWr43R.146","action":"GetUpdates", "result":"DeleteReceived", "context":{"id":"f5d03c87-edb1-481b-8932-fab19f94d25b", "isDeleted:":"true", "version":"1732323466122"}}
{"logTime": "1124/224435", "correlationVector":"c6UJyLYvsQT/VyOxwWr43R.147","action":"GetUpdates", "result":"DeleteReceived", "context":{"id":"edb5c464-6473-4158-a525-6eee9404496f", "isDeleted:":"true", "version":"1732323466123"}}
{"logTime": "1124/224435", "correlationVector":"c6UJyLYvsQT/VyOxwWr43R.148","action":"GetUpdates", "result":"DeleteReceived", "context":{"id":"c0095331-c48d-44ac-a70d-bb40f16deb1f", "isDeleted:":"true", "version":"1732323466124"}}
{"logTime": "1124/224435", "correlationVector":"c6UJyLYvsQT/VyOxwWr43R.149","action":"GetUpdates", "result":"DeleteReceived", "context":{"id":"6f593912-09c9-4ec5-8aa9-06fa0d50a28c", "isDeleted:":"true", "version":"1732323466125"}}
{"logTime": "1124/224435", "correlationVector":"c6UJyLYvsQT/VyOxwWr43R.150","action":"GetUpdates", "result":"DeleteReceived", "context":{"id":"6cd7bc99-fcef-4012-be01-270e4f7ae9b0", "isDeleted:":"true", "version":"1732323466126"}}
{"logTime": "1124/224435", "correlationVector":"c6UJyLYvsQT/VyOxwWr43R.151","action":"GetUpdates", "result":"DeleteReceived", "context":{"id":"4ddaee9b-045d-4441-b2a4-7516bb764ae1", "isDeleted:":"true", "version":"1732323466127"}}
{"logTime": "1124/224435", "correlationVector":"c6UJyLYvsQT/VyOxwWr43R.152","action":"GetUpdates", "result":"DeleteReceived", "context":{"id":"ecfe0983-0c6d-430a-aefe-3e113caf8fa5", "isDeleted:":"true", "version":"1732323466128"}}
{"logTime": "1124/224435", "correlationVector":"c6UJyLYvsQT/VyOxwWr43R.153","action":"GetUpdates", "result":"DeleteReceived", "context":{"id":"36273d73-6cc4-4809-b592-917f4860f8f6", "isDeleted:":"true", "version":"1732323466129"}}
{"logTime": "1124/224435", "correlationVector":"c6UJyLYvsQT/VyOxwWr43R.154","action":"GetUpdates", "result":"DeleteReceived", "context":{"id":"c5c4c3e5-d624-4988-9c70-d339717310c8", "isDeleted:":"true", "version":"1732323466130"}}
{"logTime": "1124/224435", "correlationVector":"c6UJyLYvsQT/VyOxwWr43R.155","action":"GetUpdates", "result":"DeleteReceived", "context":{"id":"73c503f1-5dca-43c1-99f8-fb9e3c836406", "isDeleted:":"true", "version":"1732323466131"}}
{"logTime": "1124/224435", "correlationVector":"c6UJyLYvsQT/VyOxwWr43R.156","action":"GetUpdates", "result":"DeleteReceived", "context":{"id":"8320eb51-0c8d-4258-80d4-acb99b56b574", "isDeleted:":"true", "version":"1732323466132"}}
{"logTime": "1124/224435", "correlationVector":"c6UJyLYvsQT/VyOxwWr43R.157","action":"GetUpdates", "result":"DeleteReceived", "context":{"id":"2849a969-ff44-4f08-affb-892c1a3e58ed", "isDeleted:":"true", "version":"1732323466133"}}
{"logTime": "1124/224435", "correlationVector":"c6UJyLYvsQT/VyOxwWr43R.158","action":"GetUpdates", "result":"DeleteReceived", "context":{"id":"6179bbca-8d5f-4779-bfb4-eb5bf5b36575", "isDeleted:":"true", "version":"1732323466134"}}
{"logTime": "1124/224435", "correlationVector":"c6UJyLYvsQT/VyOxwWr43R.159","action":"GetUpdates", "result":"DeleteReceived", "context":{"id":"faf5ed52-0bec-446a-9170-b54e31a3aab1", "isDeleted:":"true", "version":"1732323466135"}}
{"logTime": "1124/224435", "correlationVector":"c6UJyLYvsQT/VyOxwWr43R.160","action":"GetUpdates", "result":"DeleteReceived", "context":{"id":"d8458788-8db0-4ed4-8847-4b868bf10255", "isDeleted:":"true", "version":"1732323466136"}}
{"logTime": "1124/224435", "correlationVector":"c6UJyLYvsQT/VyOxwWr43R.161","action":"GetUpdates", "result":"DeleteReceived", "context":{"id":"cab949f5-333e-451e-b35b-812ad716103b", "isDeleted:":"true", "version":"1732323466137"}}
{"logTime": "1124/224435", "correlationVector":"c6UJyLYvsQT/VyOxwWr43R.162","action":"GetUpdates", "result":"DeleteReceived", "context":{"id":"bcb2e64e-373c-49d2-8fcb-1fe11fbb6e4f", "isDeleted:":"true", "version":"1732323466138"}}
{"logTime": "1124/224435", "correlationVector":"c6UJyLYvsQT/VyOxwWr43R.163","action":"GetUpdates", "result":"DeleteReceived", "context":{"id":"505da10f-31a9-453e-b9c8-38a976b1ba3c", "isDeleted:":"true", "version":"1732323466139"}}
{"logTime": "1124/224435", "correlationVector":"c6UJyLYvsQT/VyOxwWr43R.164","action":"GetUpdates", "result":"DeleteReceived", "context":{"id":"3140eec7-d6a9-4dab-8752-8efe809c6bcc", "isDeleted:":"true", "version":"1732323466140"}}
{"logTime": "1124/224435", "correlationVector":"c6UJyLYvsQT/VyOxwWr43R.165","action":"GetUpdates", "result":"DeleteReceived", "context":{"id":"6f420bb2-aeb0-4ebe-8d10-8320f4d6d6f3", "isDeleted:":"true", "version":"1732323466141"}}
{"logTime": "1124/224435", "correlationVector":"c6UJyLYvsQT/VyOxwWr43R.166","action":"GetUpdates", "result":"DeleteReceived", "context":{"id":"48561d14-8280-4650-9969-00e9c1697a1f", "isDeleted:":"true", "version":"1732323466142"}}
{"logTime": "1124/224435", "correlationVector":"c6UJyLYvsQT/VyOxwWr43R.167","action":"GetUpdates", "result":"DeleteReceived", "context":{"id":"17b6140f-0a73-44f1-a3f6-8ff4cca53cfe", "isDeleted:":"true", "version":"1732323466143"}}
{"logTime": "1124/224435", "correlationVector":"c6UJyLYvsQT/VyOxwWr43R.168","action":"GetUpdates", "result":"DeleteReceived", "context":{"id":"156523ce-f0fb-4a75-aab6-559a96f04566", "isDeleted:":"true", "version":"1732323466144"}}
{"logTime": "1124/224435", "correlationVector":"c6UJyLYvsQT/VyOxwWr43R.169","action":"GetUpdates", "result":"DeleteReceived", "context":{"id":"ac180fc4-81f2-4204-a109-2f47523e205b", "isDeleted:":"true", "version":"1732323466145"}}
{"logTime": "1124/224435", "correlationVector":"c6UJyLYvsQT/VyOxwWr43R.170","action":"GetUpdates", "result":"DeleteReceived", "context":{"id":"f6dd14ea-4113-4748-bb01-a42e019c9d97", "isDeleted:":"true", "version":"1732323466146"}}
{"logTime": "1124/224435", "correlationVector":"c6UJyLYvsQT/VyOxwWr43R.171","action":"GetUpdates", "result":"DeleteReceived", "context":{"id":"23e21cb3-d9c5-48fb-a011-097f2a05ecd5", "isDeleted:":"true", "version":"1732323466147"}}
{"logTime": "1124/224435", "correlationVector":"c6UJyLYvsQT/VyOxwWr43R.172","action":"GetUpdates", "result":"DeleteReceived", "context":{"id":"ee54cdba-33c8-4a91-ab28-fb55326defe7", "isDeleted:":"true", "version":"1732323466148"}}
{"logTime": "1124/224435", "correlationVector":"c6UJyLYvsQT/VyOxwWr43R.173","action":"GetUpdates", "result":"DeleteReceived", "context":{"id":"2cb02e76-54c3-4ebd-b941-78031fb690d0", "isDeleted:":"true", "version":"1732323466149"}}
{"logTime": "1124/224435", "correlationVector":"c6UJyLYvsQT/VyOxwWr43R.174","action":"GetUpdates", "result":"DeleteReceived", "context":{"id":"05a36100-bfa1-45cf-b4ba-f1b7852abdc7", "isDeleted:":"true", "version":"1732323466150"}}
{"logTime": "1124/224435", "correlationVector":"c6UJyLYvsQT/VyOxwWr43R.175","action":"GetUpdates", "result":"DeleteReceived", "context":{"id":"6b15cbf1-388e-47b3-930c-40470896ac9e", "isDeleted:":"true", "version":"1732323466151"}}
{"logTime": "1124/224435", "correlationVector":"c6UJyLYvsQT/VyOxwWr43R.176","action":"GetUpdates", "result":"DeleteReceived", "context":{"id":"e488be14-0faf-4cb4-9e12-3acc19250c02", "isDeleted:":"true", "version":"1732323466152"}}
{"logTime": "1124/224435", "correlationVector":"c6UJyLYvsQT/VyOxwWr43R.177","action":"GetUpdates", "result":"DeleteReceived", "context":{"id":"ec898876-7fa4-4484-b572-623886aa0355", "isDeleted:":"true", "version":"1732323466153"}}
{"logTime": "1124/224435", "correlationVector":"c6UJyLYvsQT/VyOxwWr43R.178","action":"GetUpdates", "result":"DeleteReceived", "context":{"id":"02c27fb8-0c61-4341-a95c-674e517d5159", "isDeleted:":"true", "version":"1732323466154"}}
{"logTime": "1124/224435", "correlationVector":"c6UJyLYvsQT/VyOxwWr43R.179","action":"GetUpdates", "result":"DeleteReceived", "context":{"id":"67f51dbe-1a72-4674-ac8e-7d5438b8c35c", "isDeleted:":"true", "version":"1732323466155"}}
{"logTime": "1124/224435", "correlationVector":"c6UJyLYvsQT/VyOxwWr43R.180","action":"GetUpdates", "result":"DeleteReceived", "context":{"id":"815860f0-babb-4889-8291-531dea52648b", "isDeleted:":"true", "version":"1732323466156"}}
{"logTime": "1124/224435", "correlationVector":"c6UJyLYvsQT/VyOxwWr43R.181","action":"GetUpdates", "result":"DeleteReceived", "context":{"id":"164dcfc4-99b2-4ead-92a0-8d95ee045c7c", "isDeleted:":"true", "version":"1732323466157"}}
{"logTime": "1124/224435", "correlationVector":"c6UJyLYvsQT/VyOxwWr43R.182","action":"GetUpdates", "result":"DeleteReceived", "context":{"id":"a1ca2bc0-aac5-44bf-a933-70f23fe06c53", "isDeleted:":"true", "version":"1732323466158"}}
{"logTime": "1124/224435", "correlationVector":"c6UJyLYvsQT/VyOxwWr43R.183","action":"GetUpdates", "result":"DeleteReceived", "context":{"id":"10ff0626-7abe-4765-972d-2698903247e2", "isDeleted:":"true", "version":"1732323467693"}}
{"logTime": "1124/224435", "correlationVector":"c6UJyLYvsQT/VyOxwWr43R.184","action":"GetUpdates", "result":"DeleteReceived", "context":{"id":"2ed7df3e-decd-4c21-9dea-29db78b353f5", "isDeleted:":"true", "version":"1732323467694"}}
{"logTime": "1124/224435", "correlationVector":"c6UJyLYvsQT/VyOxwWr43R.185","action":"GetUpdates", "result":"DeleteReceived", "context":{"id":"db8acd3d-fae8-4a4d-a1f9-678a405af399", "isDeleted:":"true", "version":"1732323467695"}}
{"logTime": "1124/224435", "correlationVector":"c6UJyLYvsQT/VyOxwWr43R.186","action":"GetUpdates", "result":"DeleteReceived", "context":{"id":"c90b5e1e-233f-447e-8e4f-ad2c593e2b93", "isDeleted:":"true", "version":"1725320048491"}}
{"logTime": "1124/224435", "correlationVector":"c6UJyLYvsQT/VyOxwWr43R.187","action":"GetUpdates", "result":"DeleteReceived", "context":{"id":"3a9e6488-2b87-4713-b1bd-c691218f0086", "isDeleted:":"true", "version":"1725320048492"}}
{"logTime": "1124/224435", "correlationVector":"c6UJyLYvsQT/VyOxwWr43R.188","action":"GetUpdates", "result":"DeleteReceived", "context":{"id":"7c21135d-c12f-456e-a607-3e74bf8aa9b0", "isDeleted:":"true", "version":"1725320048494"}}
{"logTime": "1124/224435", "correlationVector":"c6UJyLYvsQT/VyOxwWr43R.189","action":"GetUpdates", "result":"DeleteReceived", "context":{"id":"bc6525a9-10e3-4392-9d72-54c43c141bfd", "isDeleted:":"true", "version":"1726176240895"}}
{"logTime": "1124/224435", "correlationVector":"c6UJyLYvsQT/VyOxwWr43R.190","action":"GetUpdates", "result":"DeleteReceived", "context":{"id":"257a6d74-fb06-49b3-9dfd-bd872cad8b10", "isDeleted:":"true", "version":"1726176240896"}}
{"logTime": "1124/224435", "correlationVector":"c6UJyLYvsQT/VyOxwWr43R.191","action":"GetUpdates", "result":"DeleteReceived", "context":{"id":"95a7ffde-cb03-44a2-aaae-3cdd06034a85", "isDeleted:":"true", "version":"1726181255034"}}
{"logTime": "1124/224435", "correlationVector":"c6UJyLYvsQT/VyOxwWr43R.192","action":"GetUpdates", "result":"DeleteReceived", "context":{"id":"5076fb79-dacf-40df-b4fa-85e76d0d9bad", "isDeleted:":"true", "version":"1726181255035"}}
{"logTime": "1124/224435", "correlationVector":"c6UJyLYvsQT/VyOxwWr43R.193","action":"GetUpdates", "result":"DeleteReceived", "context":{"id":"cd598d47-cd7c-407b-827e-fa75a3fa9b01", "isDeleted:":"true", "version":"1726181255036"}}
{"logTime": "1124/224435", "correlationVector":"c6UJyLYvsQT/VyOxwWr43R.194","action":"GetUpdates", "result":"DeleteReceived", "context":{"id":"07780f62-078c-4ac3-80f1-c30765a6308c", "isDeleted:":"true", "version":"1726181255037"}}
{"logTime": "1124/224435", "correlationVector":"c6UJyLYvsQT/VyOxwWr43R.195","action":"GetUpdates", "result":"DeleteReceived", "context":{"id":"4e56ff5c-f12f-45ce-9879-40f72139d6a0", "isDeleted:":"true", "version":"1726853327902"}}
{"logTime": "1124/224435", "correlationVector":"c6UJyLYvsQT/VyOxwWr43R.196","action":"GetUpdates", "result":"DeleteReceived", "context":{"id":"61d6b1dc-76ee-4a72-b6ac-d2ac37c73ef5", "isDeleted:":"true", "version":"1726900893023"}}
{"logTime": "1124/224435", "correlationVector":"c6UJyLYvsQT/VyOxwWr43R.197","action":"GetUpdates", "result":"DeleteReceived", "context":{"id":"420bb94e-2fec-4cc4-9550-b08a538a5fe8", "isDeleted:":"true", "version":"1726900893026"}}
{"logTime": "1124/224435", "correlationVector":"c6UJyLYvsQT/VyOxwWr43R.198","action":"GetUpdates", "result":"DeleteReceived", "context":{"id":"d535b1e9-5d3f-4c07-b640-20d52ea63dfe", "isDeleted:":"true", "version":"1726942900124"}}
{"logTime": "1124/224435", "correlationVector":"c6UJyLYvsQT/VyOxwWr43R.199","action":"GetUpdates", "result":"DeleteReceived", "context":{"id":"2af1b7ab-2e79-4809-8f2c-245f37d657d1", "isDeleted:":"true", "version":"1727726660547"}}
{"logTime": "1124/224435", "correlationVector":"c6UJyLYvsQT/VyOxwWr43R.200","action":"GetUpdates", "result":"DeleteReceived", "context":{"id":"dc0c5c92-348c-4b5d-8237-5896e11baa3d", "isDeleted:":"true", "version":"1727726660550"}}
{"logTime": "1124/224435", "correlationVector":"c6UJyLYvsQT/VyOxwWr43R.201","action":"GetUpdates", "result":"DeleteReceived", "context":{"id":"3223e372-f6a8-45bd-831f-3b8931383b62", "isDeleted:":"true", "version":"1731707385945"}}
{"logTime": "1124/224435", "correlationVector":"c6UJyLYvsQT/VyOxwWr43R.202","action":"GetUpdates", "result":"DeleteReceived", "context":{"id":"6c566714-3f20-4570-aa62-53f09aa86480", "isDeleted:":"true", "version":"1731717670314"}}
{"logTime": "1124/224435", "correlationVector":"c6UJyLYvsQT/VyOxwWr43R.203","action":"GetUpdates", "result":"DeleteReceived", "context":{"id":"09352375-d681-42da-883c-d3a6b476de57", "isDeleted:":"true", "version":"1732291361262"}}
{"logTime": "1124/224435", "correlationVector":"c6UJyLYvsQT/VyOxwWr43R.204","action":"GetUpdates", "result":"DeleteReceived", "context":{"id":"53ec161c-0c1a-4806-a604-c86568a8b4bb", "isDeleted:":"true", "version":"1732304323152"}}
{"logTime": "1124/224435", "correlationVector":"c6UJyLYvsQT/VyOxwWr43R.205","action":"GetUpdates", "result":"DeleteReceived", "context":{"id":"a9fb9048-a880-43e3-b692-95d4fe69d284", "isDeleted:":"true", "version":"1732306207296"}}
{"logTime": "1124/224435", "correlationVector":"c6UJyLYvsQT/VyOxwWr43R.206","action":"GetUpdates", "result":"DeleteReceived", "context":{"id":"ef9fa35c-dcab-4fd8-81c3-d8458971e766", "isDeleted:":"true", "version":"1732291366708"}}
{"logTime": "1124/224435", "correlationVector":"c6UJyLYvsQT/VyOxwWr43R.207","action":"GetUpdates", "result":"DeleteReceived", "context":{"id":"92d91169-50c9-4070-9ab6-6967ed62ac11", "isDeleted:":"true", "version":"1732291366709"}}
{"logTime": "1124/224435", "correlationVector":"c6UJyLYvsQT/VyOxwWr43R.208","action":"GetUpdates", "result":"DeleteReceived", "context":{"id":"47083134-e799-4e5e-9ae0-979ae536c98a", "isDeleted:":"true", "version":"1732291366710"}}
{"logTime": "1124/224435", "correlationVector":"c6UJyLYvsQT/VyOxwWr43R.209","action":"GetUpdates Response", "result":"Success", "context":Received 250 update(s). cV=c6UJyLYvsQT/VyOxwWr43R.0;server=GENERAL0100001D;cloudType=Consumer;environment=Prod_WestEurope_000l;migrationStage=NotStarted Some updates remain.}
{"logTime": "1124/224435", "correlationVector":"xbE6ew/yzZWK+po9WNA5Dw","action":"Initial GetUpdates", "result":"", "context":Reason: NEWLY_SUPPORTED_DATATYPE. cV=xbE6ew/yzZWK+po9WNA5Dw}
{"logTime": "1124/224435", "correlationVector":"xbE6ew/yzZWK+po9WNA5Dw.1","action":"SyncServerConnectionManagerRequest", "result":"SYNC_SERVER_OK", "context":{"environment":"Prod_WestEurope_000l", "migrationStage":"NotStarted", "server":"GENERAL0100001J"}}
{"logTime": "1124/224435", "correlationVector":"xbE6ew/yzZWK+po9WNA5Dw.2","action":"GetUpdates", "result":"DeleteReceived", "context":{"id":"95bfdef7-19d2-4a44-9935-fda47c233cc8", "isDeleted:":"true", "version":"1732323467696"}}
{"logTime": "1124/224435", "correlationVector":"xbE6ew/yzZWK+po9WNA5Dw.3","action":"GetUpdates", "result":"DeleteReceived", "context":{"id":"f86ea448-0490-486b-b025-33ac402d595e", "isDeleted:":"true", "version":"1732323467697"}}
{"logTime": "1124/224435", "correlationVector":"xbE6ew/yzZWK+po9WNA5Dw.4","action":"GetUpdates", "result":"DeleteReceived", "context":{"id":"953860d3-3ee9-4bd9-bcac-640e8bd5fb1e", "isDeleted:":"true", "version":"1732323467698"}}
{"logTime": "1124/224435", "correlationVector":"xbE6ew/yzZWK+po9WNA5Dw.5","action":"GetUpdates", "result":"DeleteReceived", "context":{"id":"72fc8e46-fdb5-41de-a473-eb66031c1dc9", "isDeleted:":"true", "version":"1732323467699"}}
{"logTime": "1124/224435", "correlationVector":"xbE6ew/yzZWK+po9WNA5Dw.6","action":"GetUpdates", "result":"DeleteReceived", "context":{"id":"151c1d65-fd05-4f57-b8fd-4deceb88f8a9", "isDeleted:":"true", "version":"1732323467700"}}
{"logTime": "1124/224435", "correlationVector":"xbE6ew/yzZWK+po9WNA5Dw.7","action":"GetUpdates", "result":"DeleteReceived", "context":{"id":"552d7849-d187-4eee-ba57-78a7a48c7bc4", "isDeleted:":"true", "version":"1732323467701"}}
{"logTime": "1124/224435", "correlationVector":"xbE6ew/yzZWK+po9WNA5Dw.8","action":"GetUpdates", "result":"DeleteReceived", "context":{"id":"3935bbf9-5983-44c9-bef8-c98c1ba35ae6", "isDeleted:":"true", "version":"1732323467702"}}
{"logTime": "1124/224435", "correlationVector":"xbE6ew/yzZWK+po9WNA5Dw.9","action":"GetUpdates", "result":"DeleteReceived", "context":{"id":"983bfbca-1642-498d-b952-f25899cbe51b", "isDeleted:":"true", "version":"1732323467703"}}
{"logTime": "1124/224435", "correlationVector":"xbE6ew/yzZWK+po9WNA5Dw.10","action":"GetUpdates", "result":"DeleteReceived", "context":{"id":"dcb62aeb-b443-4c67-8dbd-ca1f571c1f4e", "isDeleted:":"true", "version":"1732323467704"}}
{"logTime": "1124/224435", "correlationVector":"xbE6ew/yzZWK+po9WNA5Dw.11","action":"GetUpdates", "result":"DeleteReceived", "context":{"id":"2ddfd00a-b514-4118-ac63-bc26bce98b27", "isDeleted:":"true", "version":"1732323467705"}}
{"logTime": "1124/224435", "correlationVector":"xbE6ew/yzZWK+po9WNA5Dw.12","action":"GetUpdates", "result":"DeleteReceived", "context":{"id":"79d81da2-17da-49ae-b6d3-832d2264b206", "isDeleted:":"true", "version":"1732323467706"}}
{"logTime": "1124/224435", "correlationVector":"xbE6ew/yzZWK+po9WNA5Dw.13","action":"GetUpdates", "result":"DeleteReceived", "context":{"id":"ca529e71-e1f6-441c-82e0-89933a96d5fa", "isDeleted:":"true", "version":"1732323467707"}}
{"logTime": "1124/224435", "correlationVector":"xbE6ew/yzZWK+po9WNA5Dw.14","action":"GetUpdates", "result":"DeleteReceived", "context":{"id":"17c46c31-9a6b-4b0a-afff-7ef6c34a3da1", "isDeleted:":"true", "version":"1732323467708"}}
{"logTime": "1124/224435", "correlationVector":"xbE6ew/yzZWK+po9WNA5Dw.15","action":"GetUpdates", "result":"DeleteReceived", "context":{"id":"7a35e195-6786-488f-9047-e1b28b3a53f2", "isDeleted:":"true", "version":"1732323467709"}}
{"logTime": "1124/224435", "correlationVector":"xbE6ew/yzZWK+po9WNA5Dw.16","action":"GetUpdates", "result":"DeleteReceived", "context":{"id":"371dfa51-7ce8-4ea2-96bf-c19172709b5b", "isDeleted:":"true", "version":"1732323467710"}}
{"logTime": "1124/224435", "correlationVector":"xbE6ew/yzZWK+po9WNA5Dw.17","action":"GetUpdates", "result":"DeleteReceived", "context":{"id":"8b590bec-80b6-4686-b32e-3bf6f8003e0f", "isDeleted:":"true", "version":"1732323467711"}}
{"logTime": "1124/224435", "correlationVector":"xbE6ew/yzZWK+po9WNA5Dw.18","action":"GetUpdates", "result":"DeleteReceived", "context":{"id":"3063a032-46ac-4f3b-b95b-bc42c8a93148", "isDeleted:":"true", "version":"1732323467712"}}
{"logTime": "1124/224435", "correlationVector":"xbE6ew/yzZWK+po9WNA5Dw.19","action":"GetUpdates", "result":"DeleteReceived", "context":{"id":"bbe34322-eab4-4f40-ac3a-9dd22ea9d3ec", "isDeleted:":"true", "version":"1732323467713"}}
{"logTime": "1124/224435", "correlationVector":"xbE6ew/yzZWK+po9WNA5Dw.20","action":"GetUpdates", "result":"DeleteReceived", "context":{"id":"2d055dfb-0219-4539-a759-64c72586476a", "isDeleted:":"true", "version":"1732323467714"}}
{"logTime": "1124/224435", "correlationVector":"xbE6ew/yzZWK+po9WNA5Dw.21","action":"GetUpdates", "result":"DeleteReceived", "context":{"id":"50ce9027-54b3-4b29-8a63-cdcc8428b67a", "isDeleted:":"true", "version":"1732323467715"}}
{"logTime": "1124/224435", "correlationVector":"xbE6ew/yzZWK+po9WNA5Dw.22","action":"GetUpdates", "result":"DeleteReceived", "context":{"id":"6331436b-cc19-4709-a613-83cbd7796381", "isDeleted:":"true", "version":"1732323467716"}}
{"logTime": "1124/224435", "correlationVector":"xbE6ew/yzZWK+po9WNA5Dw.23","action":"GetUpdates", "result":"DeleteReceived", "context":{"id":"90244b5d-bd05-4aa0-a446-43b4fb4be902", "isDeleted:":"true", "version":"1732323467717"}}
{"logTime": "1124/224435", "correlationVector":"xbE6ew/yzZWK+po9WNA5Dw.24","action":"GetUpdates", "result":"DeleteReceived", "context":{"id":"8de98728-5fdd-4112-a2ab-8738fb717ee2", "isDeleted:":"true", "version":"1732323467718"}}
{"logTime": "1124/224435", "correlationVector":"xbE6ew/yzZWK+po9WNA5Dw.25","action":"GetUpdates", "result":"DeleteReceived", "context":{"id":"0eada1c9-e707-4df6-9edf-55375dcf195e", "isDeleted:":"true", "version":"1732323467719"}}
{"logTime": "1124/224435", "correlationVector":"xbE6ew/yzZWK+po9WNA5Dw.26","action":"GetUpdates", "result":"DeleteReceived", "context":{"id":"360c1d0a-bb44-4666-9c07-b3941ba6fe0b", "isDeleted:":"true", "version":"1732323467720"}}
{"logTime": "1124/224435", "correlationVector":"xbE6ew/yzZWK+po9WNA5Dw.27","action":"GetUpdates", "result":"DeleteReceived", "context":{"id":"785386e0-69bc-439e-8bbd-a4e6fb499e56", "isDeleted:":"true", "version":"1732323467721"}}
{"logTime": "1124/224435", "correlationVector":"xbE6ew/yzZWK+po9WNA5Dw.28","action":"GetUpdates", "result":"DeleteReceived", "context":{"id":"b3991aaa-967c-48bc-abf3-379108ed8dc1", "isDeleted:":"true", "version":"1732323467722"}}
{"logTime": "1124/224435", "correlationVector":"xbE6ew/yzZWK+po9WNA5Dw.29","action":"GetUpdates", "result":"DeleteReceived", "context":{"id":"08a37db9-fe20-438d-8a49-f8e784734c4e", "isDeleted:":"true", "version":"1732323467723"}}
{"logTime": "1124/224435", "correlationVector":"xbE6ew/yzZWK+po9WNA5Dw.30","action":"GetUpdates", "result":"DeleteReceived", "context":{"id":"1bcad789-6d75-4896-97fa-3aba75966554", "isDeleted:":"true", "version":"1732323467724"}}
{"logTime": "1124/224435", "correlationVector":"xbE6ew/yzZWK+po9WNA5Dw.31","action":"GetUpdates", "result":"DeleteReceived", "context":{"id":"9333a38e-024d-40b9-b593-6457893c9615", "isDeleted:":"true", "version":"1732323467725"}}
{"logTime": "1124/224435", "correlationVector":"xbE6ew/yzZWK+po9WNA5Dw.32","action":"GetUpdates", "result":"DeleteReceived", "context":{"id":"7c1a9392-cd6a-47a9-a445-621d9bfd4178", "isDeleted:":"true", "version":"1732323467726"}}
{"logTime": "1124/224435", "correlationVector":"xbE6ew/yzZWK+po9WNA5Dw.33","action":"GetUpdates", "result":"DeleteReceived", "context":{"id":"386ab06c-2807-429d-bbb1-6ba08e388518", "isDeleted:":"true", "version":"1732323467727"}}
{"logTime": "1124/224435", "correlationVector":"xbE6ew/yzZWK+po9WNA5Dw.34","action":"GetUpdates", "result":"DeleteReceived", "context":{"id":"6ea39b0b-a0f1-47e4-82f3-b70acd0785c6", "isDeleted:":"true", "version":"1732323467728"}}
{"logTime": "1124/224435", "correlationVector":"xbE6ew/yzZWK+po9WNA5Dw.35","action":"GetUpdates", "result":"DeleteReceived", "context":{"id":"f6892ce4-9f41-4670-8d15-7db9a5b41366", "isDeleted:":"true", "version":"1732323467729"}}
{"logTime": "1124/224435", "correlationVector":"xbE6ew/yzZWK+po9WNA5Dw.36","action":"GetUpdates", "result":"DeleteReceived", "context":{"id":"b2fb40cd-52c6-4b2c-8ef5-f87a7f5afa6b", "isDeleted:":"true", "version":"1732323467730"}}
{"logTime": "1124/224435", "correlationVector":"xbE6ew/yzZWK+po9WNA5Dw.37","action":"GetUpdates", "result":"DeleteReceived", "context":{"id":"2bbeabd7-1c1e-4e26-9626-fcdc3b461a45", "isDeleted:":"true", "version":"1732323467731"}}
{"logTime": "1124/224435", "correlationVector":"xbE6ew/yzZWK+po9WNA5Dw.38","action":"GetUpdates", "result":"DeleteReceived", "context":{"id":"5d1eeba2-bd8e-4bdf-b6a6-870921c0c868", "isDeleted:":"true", "version":"1732323467732"}}
{"logTime": "1124/224435", "correlationVector":"xbE6ew/yzZWK+po9WNA5Dw.39","action":"GetUpdates", "result":"DeleteReceived", "context":{"id":"931082e2-8054-4d2c-bdcf-6916eb214897", "isDeleted:":"true", "version":"1732323534887"}}
{"logTime": "1124/224435", "correlationVector":"xbE6ew/yzZWK+po9WNA5Dw.40","action":"GetUpdates", "result":"DeleteReceived", "context":{"id":"19f891fa-ff84-4505-8dda-99bc673cc26f", "isDeleted:":"true", "version":"1732323534888"}}
{"logTime": "1124/224435", "correlationVector":"xbE6ew/yzZWK+po9WNA5Dw.41","action":"GetUpdates", "result":"DeleteReceived", "context":{"id":"aac6dcc3-573b-4ced-8a52-7747e9946fe0", "isDeleted:":"true", "version":"1732323534889"}}
{"logTime": "1124/224435", "correlationVector":"xbE6ew/yzZWK+po9WNA5Dw.42","action":"GetUpdates", "result":"DeleteReceived", "context":{"id":"ff7e1081-dbfb-4549-93dc-b045a2a55159", "isDeleted:":"true", "version":"1732323534890"}}
{"logTime": "1124/224435", "correlationVector":"xbE6ew/yzZWK+po9WNA5Dw.43","action":"GetUpdates", "result":"DeleteReceived", "context":{"id":"daea3fd3-6f4d-4876-abf6-8e388aac2a38", "isDeleted:":"true", "version":"1732323534891"}}
{"logTime": "1124/224435", "correlationVector":"xbE6ew/yzZWK+po9WNA5Dw.44","action":"GetUpdates", "result":"DeleteReceived", "context":{"id":"39c6db4f-2a7e-414f-9614-662015a48320", "isDeleted:":"true", "version":"1732323534892"}}
{"logTime": "1124/224435", "correlationVector":"xbE6ew/yzZWK+po9WNA5Dw.45","action":"GetUpdates", "result":"DeleteReceived", "context":{"id":"2a191e12-bf17-45b4-9935-700e5474354e", "isDeleted:":"true", "version":"1732323534893"}}
{"logTime": "1124/224435", "correlationVector":"xbE6ew/yzZWK+po9WNA5Dw.46","action":"GetUpdates Response", "result":"Success", "context":Received 62 update(s). cV=xbE6ew/yzZWK+po9WNA5Dw.0;server=GENERAL0100001J;cloudType=Consumer;environment=Prod_WestEurope_000l;migrationStage=NotStarted}
{"logTime": "1124/224435", "correlationVector":"M5wbfzD5tFTL7jN2U+QGJg","action":"Normal GetUpdate request", "result":"", "context":cV=M5wbfzD5tFTL7jN2U+QGJg
Nudged types: Sessions, Device Info, User Consents
Refresh requested types: Bookmarks, Preferences, Passwords, Autofill Profiles, Autofill, Typed URLs, Extensions, Sessions, Extension settings, History Delete Directives, Device Info, User Consents, Send Tab To Self, Web Apps, Collection, Edge E Drop, Edge Hub App Usage, Edge Tab Group, Edge Wallet, Encryption Keys}
{"logTime": "1124/224436", "correlationVector":"M5wbfzD5tFTL7jN2U+QGJg.1","action":"SyncServerConnectionManagerRequest", "result":"SYNC_SERVER_OK", "context":{"environment":"Prod_WestEurope_000l", "migrationStage":"NotStarted", "server":"GENERAL0100000W"}}
{"logTime": "1124/224436", "correlationVector":"M5wbfzD5tFTL7jN2U+QGJg.2","action":"GetUpdates Response", "result":"Success", "context":Received 0 update(s). cV=M5wbfzD5tFTL7jN2U+QGJg.0;server=GENERAL0100000W;cloudType=Consumer;environment=Prod_WestEurope_000l;migrationStage=NotStarted}
{"logTime": "1124/224436", "correlationVector":"K74K5JF+rBvq3dGsU73kwt","action":"DoCompareDataConsistency requsted types: ", "result":"Bookmarks, Preferences, Passwords, Typed URLs, Extensions, Extension settings, History Delete Directives, Send Tab To Self, Web Apps, Collection, Edge E Drop, Edge Tab Group, Edge Wallet, Encryption Keys"}
{"logTime": "1124/224436", "correlationVector":"K74K5JF+rBvq3dGsU73kwt.0","action":"CompareDataConsistency result: ", "result":"Compare result: Encryption Keys is consistent. local entities count is: 1 local entities hash is: qPveewtXjma43e38mNmFWtmAZRQ="}
{"logTime": "1124/224436", "correlationVector":"K74K5JF+rBvq3dGsU73kwt.1","action":"CompareDataConsistency result: ", "result":"Compare result: Bookmarks is consistent. local entities count is: 34 local entities hash is: A6V+FOCriiiXgd2fUPSN+8MuQtA="}
{"logTime": "1124/224436", "correlationVector":"K74K5JF+rBvq3dGsU73kwt.2","action":"CompareDataConsistency result: ", "result":"Compare result: Preferences is consistent. local entities count is: 89 local entities hash is: lWAPguFNVQAzEZw2wQLu4VOH/Gw="}
{"logTime": "1124/224436", "correlationVector":"K74K5JF+rBvq3dGsU73kwt.3","action":"CompareDataConsistency result: ", "result":"Server did not send this Typed URLs local entities count is: 6 local entities hash is: aONuNBK3ceYxyU1kK7Wyj6O8Jpw="}
{"logTime": "1124/224436", "correlationVector":"K74K5JF+rBvq3dGsU73kwt.4","action":"CompareDataConsistency result: ", "result":"Compare result: Extensions is consistent. local entities count is: 6 local entities hash is: NUK9Mdq0aULRJNY5GhPtnbI04N4="}
{"logTime": "1124/224436", "correlationVector":"K74K5JF+rBvq3dGsU73kwt.5","action":"CompareDataConsistency result: ", "result":"Compare result: Extension settings is consistent. local entities count is: 1 local entities hash is: 7kxn2oiBt0UZTes8TF0PmX5dOrE="}
{"logTime": "1124/224436", "correlationVector":"K74K5JF+rBvq3dGsU73kwt.6","action":"CompareDataConsistency result: ", "result":"Compare result: History Delete Directives is consistent. local entities count is: 0 local entities hash is: "}
{"logTime": "1124/224436", "correlationVector":"K74K5JF+rBvq3dGsU73kwt.7","action":"CompareDataConsistency result: ", "result":"Server did not send this Send Tab To Self local entities count is: 0 local entities hash is: "}
{"logTime": "1124/224436", "correlationVector":"K74K5JF+rBvq3dGsU73kwt.8","action":"CompareDataConsistency result: ", "result":"Compare result: Web Apps is consistent. local entities count is: 2 local entities hash is: 3zXWkOFz78qVflbLfORLqk8SMTQ="}
{"logTime": "1124/224436", "correlationVector":"K74K5JF+rBvq3dGsU73kwt.9","action":"CompareDataConsistency result: ", "result":"Compare result: Collection is consistent. local entities count is: 0 local entities hash is: "}
{"logTime": "1124/224436", "correlationVector":"K74K5JF+rBvq3dGsU73kwt.10","action":"CompareDataConsistency result: ", "result":"Compare result: Edge E Drop is consistent. local entities count is: 0 local entities hash is: "}
{"logTime": "1124/224436", "correlationVector":"K74K5JF+rBvq3dGsU73kwt.11","action":"CompareDataConsistency result: ", "result":"Compare result: Edge Tab Group is consistent. local entities count is: 0 local entities hash is: "}
{"logTime": "1124/224436", "correlationVector":"K74K5JF+rBvq3dGsU73kwt.12","action":"CompareDataConsistency result: ", "result":"Compare result: Edge Wallet is consistent. local entities count is: 0 local entities hash is: "}
{"logTime": "1124/224436", "correlationVector":"K74K5JF+rBvq3dGsU73kwt.13","action":"CompareDataConsistency result: ", "result":"Compare result: Passwords is consistent. local entities count is: 4 local entities hash is: 1tOlJTsI/Kdfb9iTb+GKyEs7BdY="}
{"logTime": "1124/224436", "correlationVector":"o/+qeUdMzAJ4yAzNO5u5We","action":"Commit Request", "result":"", "context":Item count: 4
Contributing types: Sessions, Device Info, User Consents}
{"logTime": "1124/224437", "correlationVector":"o/+qeUdMzAJ4yAzNO5u5We.1","action":"SyncServerConnectionManagerRequest", "result":"SYNC_SERVER_OK", "context":{"environment":"Prod_WestEurope_000l", "migrationStage":"NotStarted", "server":"GENERAL01000011"}}
{"logTime": "1124/224438", "correlationVector":"o/+qeUdMzAJ4yAzNO5u5We.2","action":"Commit Response", "result":"Success", "context":Result: Success. cV=o/+qeUdMzAJ4yAzNO5u5We.0;server=GENERAL01000011;cloudType=Consumer;environment=Prod_WestEurope_000l;migrationStage=NotStarted}
{"logTime": "1124/224438", "correlationVector":"","action":"DIAGNOSTIC_REQUEST|v1/diagnosticData/Diagnostic.SendCheckResult()|SUCCESS", "result":""}
{"logTime": "1124/224519", "correlationVector":"AMKmUjLhuFMsmOouNVq2d1","action":"Commit Request", "result":"", "context":Item count: 1
Contributing types: User Consents}
{"logTime": "1124/224525", "correlationVector":"AMKmUjLhuFMsmOouNVq2d1.1","action":"SyncServerConnectionManagerRequest", "result":"SYNC_SERVER_OK", "context":{"environment":"Prod_WestEurope_000l", "migrationStage":"NotStarted", "server":"GENERAL0100001H"}}
{"logTime": "1124/224525", "correlationVector":"AMKmUjLhuFMsmOouNVq2d1.2","action":"Commit Response", "result":"Success", "context":Result: Success. cV=AMKmUjLhuFMsmOouNVq2d1.0;server=GENERAL0100001H;cloudType=Consumer;environment=Prod_WestEurope_000l;migrationStage=NotStarted}
{"logTime": "1124/224558", "correlationVector":"3SWxL5mG4GS8ht0zwgRXOd","action":"Commit Request", "result":"", "context":Item count: 4
Contributing types: Preferences, Passwords, Sessions}
{"logTime": "1124/224559", "correlationVector":"3SWxL5mG4GS8ht0zwgRXOd.1","action":"SyncServerConnectionManagerRequest", "result":"SYNC_SERVER_OK", "context":{"environment":"Prod_WestEurope_000l", "migrationStage":"NotStarted", "server":"GENERAL0100000U"}}
{"logTime": "1124/224559", "correlationVector":"3SWxL5mG4GS8ht0zwgRXOd.2","action":"Commit Response", "result":"Success", "context":Result: Success. cV=3SWxL5mG4GS8ht0zwgRXOd.0;server=GENERAL0100000U;cloudType=Consumer;environment=Prod_WestEurope_000l;migrationStage=NotStarted}
{"logTime": "1124/224945", "correlationVector":"BVoRb4kPdVYQriuw5Wm3Zu.1","action":"SyncServerConnectionManagerRequest", "result":"SYNC_SERVER_OK", "context":{"environment":"Prod_WestEurope_000l", "migrationStage":"NotStarted", "server":"GENERAL01000018"}}
{"logTime": "1124/224950", "correlationVector":"GwIvdbMnzHG3fdZ+jHbuei","action":"SyncServerConnectionManagerRequest", "result":"SYNC_SERVER_OK", "context":{"environment":"", "migrationStage":"", "server":""}}
{"logTime": "1124/224950", "correlationVector":"BVoRb4kPdVYQriuw5Wm3Zu","action":"Initial GetUpdates", "result":"", "context":Reason: NEW_CLIENT. cV=BVoRb4kPdVYQriuw5Wm3Zu}
{"logTime": "1124/224950", "correlationVector":"BVoRb4kPdVYQriuw5Wm3Zu.2","action":"GetUpdates Response", "result":"Success", "context":Received 1 update(s). cV=BVoRb4kPdVYQriuw5Wm3Zu.0;server=GENERAL01000018;cloudType=Consumer;environment=Prod_WestEurope_000l;migrationStage=NotStarted}
{"logTime": "1124/224950", "correlationVector":"yWANl2AOv2ryB8Ow5zhaHV","action":"Initial GetUpdates", "result":"", "context":Reason: NEWLY_SUPPORTED_DATATYPE. cV=yWANl2AOv2ryB8Ow5zhaHV}
{"logTime": "1124/224951", "correlationVector":"yWANl2AOv2ryB8Ow5zhaHV.1","action":"SyncServerConnectionManagerRequest", "result":"SYNC_SERVER_OK", "context":{"environment":"Prod_WestEurope_000l", "migrationStage":"NotStarted", "server":"GENERAL0100001G"}}
{"logTime": "1124/224951", "correlationVector":"yWANl2AOv2ryB8Ow5zhaHV.2","action":"GetUpdates", "result":"DeleteReceived", "context":{"id":"475e834b-5cea-480a-a132-ff9ef890c68d", "isDeleted:":"true", "version":"1703360583495"}}
{"logTime": "1124/224951", "correlationVector":"yWANl2AOv2ryB8Ow5zhaHV.3","action":"GetUpdates", "result":"DeleteReceived", "context":{"id":"ac981212-d523-4231-b542-bffe252487c6", "isDeleted:":"true", "version":"1703742328395"}}
{"logTime": "1124/224951", "correlationVector":"yWANl2AOv2ryB8Ow5zhaHV.4","action":"GetUpdates", "result":"DeleteReceived", "context":{"id":"aee6dec1-c900-4e80-842d-0de597096db0", "isDeleted:":"true", "version":"1726175792461"}}
{"logTime": "1124/224951", "correlationVector":"yWANl2AOv2ryB8Ow5zhaHV.5","action":"GetUpdates", "result":"DeleteReceived", "context":{"id":"d4ae9fab-45c4-4259-a2c8-5bca1e01208b", "isDeleted:":"true", "version":"1732323446537"}}
{"logTime": "1124/224951", "correlationVector":"yWANl2AOv2ryB8Ow5zhaHV.6","action":"GetUpdates", "result":"DeleteReceived", "context":{"id":"3b2239b7-2ca7-4b96-bb80-005301581e79", "isDeleted:":"true", "version":"1732323446538"}}
{"logTime": "1124/224951", "correlationVector":"yWANl2AOv2ryB8Ow5zhaHV.7","action":"GetUpdates", "result":"DeleteReceived", "context":{"id":"370a976b-3d83-42a2-b4d4-6c9c86d03034", "isDeleted:":"true", "version":"1732323446539"}}
{"logTime": "1124/224951", "correlationVector":"yWANl2AOv2ryB8Ow5zhaHV.8","action":"GetUpdates", "result":"DeleteReceived", "context":{"id":"c31933d3-fbe3-4d58-a479-78d22d36de00", "isDeleted:":"true", "version":"1732323446540"}}
{"logTime": "1124/224951", "correlationVector":"yWANl2AOv2ryB8Ow5zhaHV.9","action":"GetUpdates", "result":"DeleteReceived", "context":{"id":"097ad1e6-3832-4f03-b7d7-d6b0fac28848", "isDeleted:":"true", "version":"1732323446541"}}
{"logTime": "1124/224951", "correlationVector":"yWANl2AOv2ryB8Ow5zhaHV.10","action":"GetUpdates", "result":"DeleteReceived", "context":{"id":"b1fed074-17a4-4f2b-a61a-aaa5b95d6bc8", "isDeleted:":"true", "version":"1732323446542"}}
{"logTime": "1124/224951", "correlationVector":"yWANl2AOv2ryB8Ow5zhaHV.11","action":"GetUpdates", "result":"DeleteReceived", "context":{"id":"deaaeda8-ddd7-40f9-a47a-2cbd75d20c51", "isDeleted:":"true", "version":"1732323446543"}}
{"logTime": "1124/224951", "correlationVector":"yWANl2AOv2ryB8Ow5zhaHV.12","action":"GetUpdates", "result":"DeleteReceived", "context":{"id":"3ef664f2-0f87-47d4-b553-f90145a66038", "isDeleted:":"true", "version":"1732323446544"}}
{"logTime": "1124/224951", "correlationVector":"yWANl2AOv2ryB8Ow5zhaHV.13","action":"GetUpdates", "result":"DeleteReceived", "context":{"id":"d2edcdb1-e17e-4b6d-aad4-2a2d7a9f5916", "isDeleted:":"true", "version":"1732323446545"}}
{"logTime": "1124/224951", "correlationVector":"yWANl2AOv2ryB8Ow5zhaHV.14","action":"GetUpdates", "result":"DeleteReceived", "context":{"id":"be4977ed-b0ad-4255-a5df-6cbb420c0fb6", "isDeleted:":"true", "version":"1732323446546"}}
{"logTime": "1124/224951", "correlationVector":"yWANl2AOv2ryB8Ow5zhaHV.15","action":"GetUpdates", "result":"DeleteReceived", "context":{"id":"8af22607-127f-4ee9-917d-ce76554e3b0b", "isDeleted:":"true", "version":"1732323446547"}}
{"logTime": "1124/224951", "correlationVector":"yWANl2AOv2ryB8Ow5zhaHV.16","action":"GetUpdates", "result":"DeleteReceived", "context":{"id":"4a7c53dc-b32e-447b-947a-19db5c42921f", "isDeleted:":"true", "version":"1732323446548"}}
{"logTime": "1124/224951", "correlationVector":"yWANl2AOv2ryB8Ow5zhaHV.17","action":"GetUpdates", "result":"DeleteReceived", "context":{"id":"f78b08bc-4751-441b-a564-ea1ea61ea573", "isDeleted:":"true", "version":"1732323446549"}}
{"logTime": "1124/224951", "correlationVector":"yWANl2AOv2ryB8Ow5zhaHV.18","action":"GetUpdates", "result":"DeleteReceived", "context":{"id":"21b7aa0f-dbc0-48fa-bc3b-9cd66784c8fe", "isDeleted:":"true", "version":"1732323446550"}}
{"logTime": "1124/224951", "correlationVector":"yWANl2AOv2ryB8Ow5zhaHV.19","action":"GetUpdates", "result":"DeleteReceived", "context":{"id":"6fbbb5fa-34bb-48ea-8fea-b7241165a3ec", "isDeleted:":"true", "version":"1732323446551"}}
{"logTime": "1124/224951", "correlationVector":"yWANl2AOv2ryB8Ow5zhaHV.20","action":"GetUpdates", "result":"DeleteReceived", "context":{"id":"0ccc27e2-fbff-4bde-978b-764bfe332ece", "isDeleted:":"true", "version":"1732323446552"}}
{"logTime": "1124/224951", "correlationVector":"yWANl2AOv2ryB8Ow5zhaHV.21","action":"GetUpdates", "result":"DeleteReceived", "context":{"id":"7ed9d32a-025a-47c9-bee6-3c753bde7cbc", "isDeleted:":"true", "version":"1732323446553"}}
{"logTime": "1124/224951", "correlationVector":"yWANl2AOv2ryB8Ow5zhaHV.22","action":"GetUpdates", "result":"DeleteReceived", "context":{"id":"d5b7529a-9209-4d14-860e-8015b55564bd", "isDeleted:":"true", "version":"1732323446554"}}
{"logTime": "1124/224951", "correlationVector":"yWANl2AOv2ryB8Ow5zhaHV.23","action":"GetUpdates", "result":"DeleteReceived", "context":{"id":"749b3b2a-9fb9-46d5-9ae8-cb39ff94c3d0", "isDeleted:":"true", "version":"1732323446555"}}
{"logTime": "1124/224951", "correlationVector":"yWANl2AOv2ryB8Ow5zhaHV.24","action":"GetUpdates", "result":"DeleteReceived", "context":{"id":"baa98fff-48f9-4e54-9668-56af9ec927a2", "isDeleted:":"true", "version":"1732323446556"}}
{"logTime": "1124/224951", "correlationVector":"yWANl2AOv2ryB8Ow5zhaHV.25","action":"GetUpdates", "result":"DeleteReceived", "context":{"id":"72369564-f45d-4cdf-9249-029297855c3d", "isDeleted:":"true", "version":"1732323446557"}}
{"logTime": "1124/224951", "correlationVector":"yWANl2AOv2ryB8Ow5zhaHV.26","action":"GetUpdates", "result":"DeleteReceived", "context":{"id":"82ff219d-2dad-422c-b7e8-e9a604688052", "isDeleted:":"true", "version":"1732323446558"}}
{"logTime": "1124/224951", "correlationVector":"yWANl2AOv2ryB8Ow5zhaHV.27","action":"GetUpdates", "result":"DeleteReceived", "context":{"id":"ff644ca4-ac82-415d-b9ec-12f630538c9a", "isDeleted:":"true", "version":"1732323446559"}}
{"logTime": "1124/224951", "correlationVector":"yWANl2AOv2ryB8Ow5zhaHV.28","action":"GetUpdates", "result":"DeleteReceived", "context":{"id":"ca3a287c-270d-4a1b-bef4-c203361feb69", "isDeleted:":"true", "version":"1732323446560"}}
{"logTime": "1124/224951", "correlationVector":"yWANl2AOv2ryB8Ow5zhaHV.29","action":"GetUpdates", "result":"DeleteReceived", "context":{"id":"ef70a6b7-cfa2-4b32-aa3b-91cebde6c2de", "isDeleted:":"true", "version":"1732323446561"}}
{"logTime": "1124/224951", "correlationVector":"yWANl2AOv2ryB8Ow5zhaHV.30","action":"GetUpdates", "result":"DeleteReceived", "context":{"id":"f69fdd17-d4d9-4c70-9572-d388079fc695", "isDeleted:":"true", "version":"1732323446562"}}
{"logTime": "1124/224951", "correlationVector":"yWANl2AOv2ryB8Ow5zhaHV.31","action":"GetUpdates", "result":"DeleteReceived", "context":{"id":"dcb8504c-5e45-4a45-b517-e347eebbd52b", "isDeleted:":"true", "version":"1732323446563"}}
{"logTime": "1124/224951", "correlationVector":"yWANl2AOv2ryB8Ow5zhaHV.32","action":"GetUpdates", "result":"DeleteReceived", "context":{"id":"3d6c0a72-d516-4686-9b85-8757f2d592d8", "isDeleted:":"true", "version":"1732323446564"}}
{"logTime": "1124/224951", "correlationVector":"yWANl2AOv2ryB8Ow5zhaHV.33","action":"GetUpdates", "result":"DeleteReceived", "context":{"id":"79b52295-16b2-4ab8-81ee-0dc56bcbf626", "isDeleted:":"true", "version":"1732323446565"}}
{"logTime": "1124/224951", "correlationVector":"yWANl2AOv2ryB8Ow5zhaHV.34","action":"GetUpdates", "result":"DeleteReceived", "context":{"id":"9f78419e-7ed5-4494-88ab-dc59f22becf5", "isDeleted:":"true", "version":"1732323446566"}}
{"logTime": "1124/224951", "correlationVector":"yWANl2AOv2ryB8Ow5zhaHV.35","action":"GetUpdates", "result":"DeleteReceived", "context":{"id":"0dd4d2c6-a294-49bd-93cc-2db4bdbb4126", "isDeleted:":"true", "version":"1732323446567"}}
{"logTime": "1124/224951", "correlationVector":"yWANl2AOv2ryB8Ow5zhaHV.36","action":"GetUpdates", "result":"DeleteReceived", "context":{"id":"e46485fa-260c-43a6-b735-5373bf866556", "isDeleted:":"true", "version":"1732323446568"}}
{"logTime": "1124/224951", "correlationVector":"yWANl2AOv2ryB8Ow5zhaHV.37","action":"GetUpdates", "result":"DeleteReceived", "context":{"id":"d2f1ea84-476f-4487-b9cc-02a6f5f5de0f", "isDeleted:":"true", "version":"1732323446569"}}
{"logTime": "1124/224951", "correlationVector":"yWANl2AOv2ryB8Ow5zhaHV.38","action":"GetUpdates", "result":"DeleteReceived", "context":{"id":"5d1cfd59-74e7-4956-9504-d73027915fba", "isDeleted:":"true", "version":"1732323446570"}}
{"logTime": "1124/224951", "correlationVector":"yWANl2AOv2ryB8Ow5zhaHV.39","action":"GetUpdates", "result":"DeleteReceived", "context":{"id":"f300157e-a538-402a-a85a-8ab5c63b7cda", "isDeleted:":"true", "version":"1732323446571"}}
{"logTime": "1124/224951", "correlationVector":"yWANl2AOv2ryB8Ow5zhaHV.40","action":"GetUpdates", "result":"DeleteReceived", "context":{"id":"30316b53-3574-4958-abb3-82999cdad621", "isDeleted:":"true", "version":"1732323446572"}}
{"logTime": "1124/224951", "correlationVector":"yWANl2AOv2ryB8Ow5zhaHV.41","action":"GetUpdates", "result":"DeleteReceived", "context":{"id":"ed02fe28-ed1e-48cc-8628-f22191af6d8b", "isDeleted:":"true", "version":"1732323446573"}}
{"logTime": "1124/224951", "correlationVector":"yWANl2AOv2ryB8Ow5zhaHV.42","action":"GetUpdates", "result":"DeleteReceived", "context":{"id":"23cddfff-413f-4910-88cb-653b0cd8eeb2", "isDeleted:":"true", "version":"1732323446574"}}
{"logTime": "1124/224951", "correlationVector":"yWANl2AOv2ryB8Ow5zhaHV.43","action":"GetUpdates", "result":"DeleteReceived", "context":{"id":"9bd2a399-acc8-4a17-9ffc-b8840d39db4d", "isDeleted:":"true", "version":"1732323446575"}}
{"logTime": "1124/224951", "correlationVector":"yWANl2AOv2ryB8Ow5zhaHV.44","action":"GetUpdates", "result":"DeleteReceived", "context":{"id":"3d7b8f3e-a798-49dd-ad3a-31978fc0e050", "isDeleted:":"true", "version":"1732323446576"}}
{"logTime": "1124/224951", "correlationVector":"yWANl2AOv2ryB8Ow5zhaHV.45","action":"GetUpdates", "result":"DeleteReceived", "context":{"id":"08bf4e20-5de3-4a5a-9a63-c4048ffbb94f", "isDeleted:":"true", "version":"1732323448374"}}
{"logTime": "1124/224951", "correlationVector":"yWANl2AOv2ryB8Ow5zhaHV.46","action":"GetUpdates", "result":"DeleteReceived", "context":{"id":"703a35be-7551-417e-9526-910866f8bf3b", "isDeleted:":"true", "version":"1732323448375"}}
{"logTime": "1124/224951", "correlationVector":"yWANl2AOv2ryB8Ow5zhaHV.47","action":"GetUpdates", "result":"DeleteReceived", "context":{"id":"5a1384b4-acf1-405f-8f16-86362a7da3ca", "isDeleted:":"true", "version":"1732323448376"}}
{"logTime": "1124/224951", "correlationVector":"yWANl2AOv2ryB8Ow5zhaHV.48","action":"GetUpdates", "result":"DeleteReceived", "context":{"id":"58784803-d6e5-429c-92c0-eac2183adb72", "isDeleted:":"true", "version":"1732323448377"}}
{"logTime": "1124/224951", "correlationVector":"yWANl2AOv2ryB8Ow5zhaHV.49","action":"GetUpdates", "result":"DeleteReceived", "context":{"id":"23688ccd-382e-4820-b07f-35558358791e", "isDeleted:":"true", "version":"1732323448378"}}
{"logTime": "1124/224951", "correlationVector":"yWANl2AOv2ryB8Ow5zhaHV.50","action":"GetUpdates", "result":"DeleteReceived", "context":{"id":"081ca12d-b64e-4bc2-9c49-565a50ebde53", "isDeleted:":"true", "version":"1732323448379"}}
{"logTime": "1124/224951", "correlationVector":"yWANl2AOv2ryB8Ow5zhaHV.51","action":"GetUpdates", "result":"DeleteReceived", "context":{"id":"e206ff11-0b47-41d5-802b-124c7d5a9b33", "isDeleted:":"true", "version":"1732323448380"}}
{"logTime": "1124/224951", "correlationVector":"yWANl2AOv2ryB8Ow5zhaHV.52","action":"GetUpdates", "result":"DeleteReceived", "context":{"id":"f09525ee-c663-4d90-8cdf-4230324ac378", "isDeleted:":"true", "version":"1732323448381"}}
{"logTime": "1124/224951", "correlationVector":"yWANl2AOv2ryB8Ow5zhaHV.53","action":"GetUpdates", "result":"DeleteReceived", "context":{"id":"2cd157e7-dde1-4a80-a661-465b130f5bf1", "isDeleted:":"true", "version":"1732323448382"}}
{"logTime": "1124/224951", "correlationVector":"yWANl2AOv2ryB8Ow5zhaHV.54","action":"GetUpdates", "result":"DeleteReceived", "context":{"id":"5ad94186-4dec-42af-a383-124f86725bf6", "isDeleted:":"true", "version":"1732323448383"}}
{"logTime": "1124/224951", "correlationVector":"yWANl2AOv2ryB8Ow5zhaHV.55","action":"GetUpdates", "result":"DeleteReceived", "context":{"id":"8f1b80ed-62f7-4a25-bf09-d0c89af30d5f", "isDeleted:":"true", "version":"1732323448384"}}
{"logTime": "1124/224951", "correlationVector":"yWANl2AOv2ryB8Ow5zhaHV.56","action":"GetUpdates", "result":"DeleteReceived", "context":{"id":"c5cce029-54b7-41e5-a639-d067321c1cf8", "isDeleted:":"true", "version":"1732323448385"}}
{"logTime": "1124/224951", "correlationVector":"yWANl2AOv2ryB8Ow5zhaHV.57","action":"GetUpdates", "result":"DeleteReceived", "context":{"id":"2506de17-b983-4f86-9703-ab616bfcae34", "isDeleted:":"true", "version":"1732323448386"}}
{"logTime": "1124/224951", "correlationVector":"yWANl2AOv2ryB8Ow5zhaHV.58","action":"GetUpdates", "result":"DeleteReceived", "context":{"id":"ba3d0858-0009-42f8-be8d-eb7b9064f4f0", "isDeleted:":"true", "version":"1732323448387"}}
{"logTime": "1124/224951", "correlationVector":"yWANl2AOv2ryB8Ow5zhaHV.59","action":"GetUpdates", "result":"DeleteReceived", "context":{"id":"28dd030e-e34f-412b-9b1e-f7fd12e50712", "isDeleted:":"true", "version":"1732323448388"}}
{"logTime": "1124/224951", "correlationVector":"yWANl2AOv2ryB8Ow5zhaHV.60","action":"GetUpdates", "result":"DeleteReceived", "context":{"id":"2c0e7dd1-4abb-44f6-980f-6eb199ecb163", "isDeleted:":"true", "version":"1732323448389"}}
{"logTime": "1124/224951", "correlationVector":"yWANl2AOv2ryB8Ow5zhaHV.61","action":"GetUpdates", "result":"DeleteReceived", "context":{"id":"37dc8e15-918e-4f4d-9aeb-4f1a5df6d512", "isDeleted:":"true", "version":"1732323448390"}}
{"logTime": "1124/224951", "correlationVector":"yWANl2AOv2ryB8Ow5zhaHV.62","action":"GetUpdates", "result":"DeleteReceived", "context":{"id":"03e13f74-fc4f-4efd-a7f0-3cb0eb989035", "isDeleted:":"true", "version":"1732323448391"}}
{"logTime": "1124/224951", "correlationVector":"yWANl2AOv2ryB8Ow5zhaHV.63","action":"GetUpdates", "result":"DeleteReceived", "context":{"id":"5476e2ae-56d9-4296-a5da-81f76e86e216", "isDeleted:":"true", "version":"1732323448392"}}
{"logTime": "1124/224951", "correlationVector":"yWANl2AOv2ryB8Ow5zhaHV.64","action":"GetUpdates", "result":"DeleteReceived", "context":{"id":"17694a23-6992-4296-97fa-189d7ede52e2", "isDeleted:":"true", "version":"1732323448393"}}
{"logTime": "1124/224951", "correlationVector":"yWANl2AOv2ryB8Ow5zhaHV.65","action":"GetUpdates", "result":"DeleteReceived", "context":{"id":"2e5d2d73-5e44-4716-b8ee-ac1974f408da", "isDeleted:":"true", "version":"1732323448394"}}
{"logTime": "1124/224951", "correlationVector":"yWANl2AOv2ryB8Ow5zhaHV.66","action":"GetUpdates", "result":"DeleteReceived", "context":{"id":"9fb4a8a7-b483-4fb9-8ae4-3296ac46b170", "isDeleted:":"true", "version":"1732323448395"}}
{"logTime": "1124/224951", "correlationVector":"yWANl2AOv2ryB8Ow5zhaHV.67","action":"GetUpdates", "result":"DeleteReceived", "context":{"id":"90a38ca7-4088-42e7-b108-0a19f048cd48", "isDeleted:":"true", "version":"1732323448396"}}
{"logTime": "1124/224951", "correlationVector":"yWANl2AOv2ryB8Ow5zhaHV.68","action":"GetUpdates", "result":"DeleteReceived", "context":{"id":"a01e89a2-6377-4dd4-97dd-11ff65c28e49", "isDeleted:":"true", "version":"1732323448397"}}
{"logTime": "1124/224951", "correlationVector":"yWANl2AOv2ryB8Ow5zhaHV.69","action":"GetUpdates", "result":"DeleteReceived", "context":{"id":"099bf8be-fb91-4e37-adf8-217c4d60067e", "isDeleted:":"true", "version":"1732323448398"}}
{"logTime": "1124/224951", "correlationVector":"yWANl2AOv2ryB8Ow5zhaHV.70","action":"GetUpdates", "result":"DeleteReceived", "context":{"id":"dea76c9b-642c-4d7e-a406-452f27355a36", "isDeleted:":"true", "version":"1732323448399"}}
{"logTime": "1124/224951", "correlationVector":"yWANl2AOv2ryB8Ow5zhaHV.71","action":"GetUpdates", "result":"DeleteReceived", "context":{"id":"97629113-7101-44f7-95f1-ba855daee80d", "isDeleted:":"true", "version":"1732323448400"}}
{"logTime": "1124/224951", "correlationVector":"yWANl2AOv2ryB8Ow5zhaHV.72","action":"GetUpdates", "result":"DeleteReceived", "context":{"id":"835411ff-9e95-4083-9401-c913bebb8faa", "isDeleted:":"true", "version":"1732323448401"}}
{"logTime": "1124/224951", "correlationVector":"yWANl2AOv2ryB8Ow5zhaHV.73","action":"GetUpdates", "result":"DeleteReceived", "context":{"id":"43ab52c3-aa87-4e69-bcde-8b388e9fe639", "isDeleted:":"true", "version":"1732323448402"}}
{"logTime": "1124/224951", "correlationVector":"yWANl2AOv2ryB8Ow5zhaHV.74","action":"GetUpdates", "result":"DeleteReceived", "context":{"id":"e310e284-5c75-41c6-a5a6-afe6fbd1a97d", "isDeleted:":"true", "version":"1732323448403"}}
{"logTime": "1124/224951", "correlationVector":"yWANl2AOv2ryB8Ow5zhaHV.75","action":"GetUpdates", "result":"DeleteReceived", "context":{"id":"91ef9a75-06e8-4373-adf9-d5d54a05b00a", "isDeleted:":"true", "version":"1732323448404"}}
{"logTime": "1124/224951", "correlationVector":"yWANl2AOv2ryB8Ow5zhaHV.76","action":"GetUpdates", "result":"DeleteReceived", "context":{"id":"5084dec8-a07e-4413-a42c-4229124d7434", "isDeleted:":"true", "version":"1732323448405"}}
{"logTime": "1124/224951", "correlationVector":"yWANl2AOv2ryB8Ow5zhaHV.77","action":"GetUpdates", "result":"DeleteReceived", "context":{"id":"a76d2157-21e3-43f4-86d3-6eb65faccd21", "isDeleted:":"true", "version":"1732323448406"}}
{"logTime": "1124/224951", "correlationVector":"yWANl2AOv2ryB8Ow5zhaHV.78","action":"GetUpdates", "result":"DeleteReceived", "context":{"id":"74761519-5683-42e7-9009-ea2526b5d23d", "isDeleted:":"true", "version":"1732323448407"}}
{"logTime": "1124/224951", "correlationVector":"yWANl2AOv2ryB8Ow5zhaHV.79","action":"GetUpdates", "result":"DeleteReceived", "context":{"id":"d9cd9096-009b-4eef-88bb-3bed52cdae7c", "isDeleted:":"true", "version":"1732323448408"}}
{"logTime": "1124/224951", "correlationVector":"yWANl2AOv2ryB8Ow5zhaHV.80","action":"GetUpdates", "result":"DeleteReceived", "context":{"id":"b5d17d51-e55f-4a60-9d0b-34403bccfdbd", "isDeleted:":"true", "version":"1732323448409"}}
{"logTime": "1124/224951", "correlationVector":"yWANl2AOv2ryB8Ow5zhaHV.81","action":"GetUpdates", "result":"DeleteReceived", "context":{"id":"d9f679c6-5510-4530-aebc-9e846e0bd5a3", "isDeleted:":"true", "version":"1732323448410"}}
{"logTime": "1124/224951", "correlationVector":"yWANl2AOv2ryB8Ow5zhaHV.82","action":"GetUpdates", "result":"DeleteReceived", "context":{"id":"28c114cb-0be8-4dec-95b2-96a5e412ac50", "isDeleted:":"true", "version":"1732323448411"}}
{"logTime": "1124/224951", "correlationVector":"yWANl2AOv2ryB8Ow5zhaHV.83","action":"GetUpdates", "result":"DeleteReceived", "context":{"id":"de4195b4-6bd2-4a02-9c64-8bd733c14da7", "isDeleted:":"true", "version":"1732323448412"}}
{"logTime": "1124/224951", "correlationVector":"yWANl2AOv2ryB8Ow5zhaHV.84","action":"GetUpdates", "result":"DeleteReceived", "context":{"id":"8a23796c-a172-4565-a7ad-a7ae5d9a4168", "isDeleted:":"true", "version":"1732323448413"}}
{"logTime": "1124/224951", "correlationVector":"yWANl2AOv2ryB8Ow5zhaHV.85","action":"GetUpdates", "result":"DeleteReceived", "context":{"id":"57124245-5582-4298-b168-65502ae27cad", "isDeleted:":"true", "version":"1732323449951"}}
{"logTime": "1124/224951", "correlationVector":"yWANl2AOv2ryB8Ow5zhaHV.86","action":"GetUpdates", "result":"DeleteReceived", "context":{"id":"288f87cc-a956-4a8d-bd2b-9b2ff91d56db", "isDeleted:":"true", "version":"1732323449952"}}
{"logTime": "1124/224951", "correlationVector":"yWANl2AOv2ryB8Ow5zhaHV.87","action":"GetUpdates", "result":"DeleteReceived", "context":{"id":"59c3ccc3-e794-46f7-8397-676765eeb590", "isDeleted:":"true", "version":"1732323449953"}}
{"logTime": "1124/224951", "correlationVector":"yWANl2AOv2ryB8Ow5zhaHV.88","action":"GetUpdates", "result":"DeleteReceived", "context":{"id":"1a6133cd-7ea0-4e6c-ae8c-807d24479a5f", "isDeleted:":"true", "version":"1732323449954"}}
{"logTime": "1124/224951", "correlationVector":"yWANl2AOv2ryB8Ow5zhaHV.89","action":"GetUpdates", "result":"DeleteReceived", "context":{"id":"4efc3b99-18f1-43f5-9f5d-d6a229290731", "isDeleted:":"true", "version":"1732323449955"}}
{"logTime": "1124/224951", "correlationVector":"yWANl2AOv2ryB8Ow5zhaHV.90","action":"GetUpdates", "result":"DeleteReceived", "context":{"id":"191b288d-5f75-4b9e-887d-732d734d2a52", "isDeleted:":"true", "version":"1732323449956"}}
{"logTime": "1124/224951", "correlationVector":"yWANl2AOv2ryB8Ow5zhaHV.91","action":"GetUpdates", "result":"DeleteReceived", "context":{"id":"87ee1ebd-dd75-4a68-acad-cfac55f8394e", "isDeleted:":"true", "version":"1732323449957"}}
{"logTime": "1124/224951", "correlationVector":"yWANl2AOv2ryB8Ow5zhaHV.92","action":"GetUpdates", "result":"DeleteReceived", "context":{"id":"4c080f5c-34ee-4242-8280-2c74cd7ffeab", "isDeleted:":"true", "version":"1732323449958"}}
{"logTime": "1124/224951", "correlationVector":"yWANl2AOv2ryB8Ow5zhaHV.93","action":"GetUpdates", "result":"DeleteReceived", "context":{"id":"6880c499-1f10-44d2-afc2-a286ab601767", "isDeleted:":"true", "version":"1732323449959"}}
{"logTime": "1124/224951", "correlationVector":"yWANl2AOv2ryB8Ow5zhaHV.94","action":"GetUpdates", "result":"DeleteReceived", "context":{"id":"62f6eea7-a481-40b0-89dc-0ba2386ef7b9", "isDeleted:":"true", "version":"1732323449960"}}
{"logTime": "1124/224951", "correlationVector":"yWANl2AOv2ryB8Ow5zhaHV.95","action":"GetUpdates", "result":"DeleteReceived", "context":{"id":"cd4169a5-c3bd-4c04-9076-fa905754dca1", "isDeleted:":"true", "version":"1732323449961"}}
{"logTime": "1124/224951", "correlationVector":"yWANl2AOv2ryB8Ow5zhaHV.96","action":"GetUpdates", "result":"DeleteReceived", "context":{"id":"f7e5f954-a1aa-42af-aa7d-d2342522d0bb", "isDeleted:":"true", "version":"1732323449962"}}
{"logTime": "1124/224951", "correlationVector":"yWANl2AOv2ryB8Ow5zhaHV.97","action":"GetUpdates", "result":"DeleteReceived", "context":{"id":"5c6b971a-fa44-4918-9acf-0e573bcf73bb", "isDeleted:":"true", "version":"1732323449963"}}
{"logTime": "1124/224951", "correlationVector":"yWANl2AOv2ryB8Ow5zhaHV.98","action":"GetUpdates", "result":"DeleteReceived", "context":{"id":"d6172a1e-c4cd-41fd-84b9-d81247c6d448", "isDeleted:":"true", "version":"1732323449964"}}
{"logTime": "1124/224951", "correlationVector":"yWANl2AOv2ryB8Ow5zhaHV.99","action":"GetUpdates", "result":"DeleteReceived", "context":{"id":"87d0187a-c494-4db6-8549-09af7bc9bb11", "isDeleted:":"true", "version":"1732323449965"}}
{"logTime": "1124/224951", "correlationVector":"yWANl2AOv2ryB8Ow5zhaHV.100","action":"GetUpdates", "result":"DeleteReceived", "context":{"id":"7bcdc76f-5802-43fe-9cbb-1ce9da6a45ca", "isDeleted:":"true", "version":"1732323449966"}}
{"logTime": "1124/224951", "correlationVector":"yWANl2AOv2ryB8Ow5zhaHV.101","action":"GetUpdates", "result":"DeleteReceived", "context":{"id":"c1501506-875a-4ef3-a7c3-892cb1c7129c", "isDeleted:":"true", "version":"1732323449967"}}
{"logTime": "1124/224951", "correlationVector":"yWANl2AOv2ryB8Ow5zhaHV.102","action":"GetUpdates", "result":"DeleteReceived", "context":{"id":"36ed4efc-82c2-4355-89ba-74bde3063ece", "isDeleted:":"true", "version":"1732323449968"}}
{"logTime": "1124/224951", "correlationVector":"yWANl2AOv2ryB8Ow5zhaHV.103","action":"GetUpdates", "result":"DeleteReceived", "context":{"id":"77c2528a-12de-4cf9-a1b3-412c3a1e1853", "isDeleted:":"true", "version":"1732323449969"}}
{"logTime": "1124/224951", "correlationVector":"yWANl2AOv2ryB8Ow5zhaHV.104","action":"GetUpdates", "result":"DeleteReceived", "context":{"id":"2a1d32e5-2a4d-41fb-ab19-e4d886c674af", "isDeleted:":"true", "version":"1732323449970"}}
{"logTime": "1124/224951", "correlationVector":"yWANl2AOv2ryB8Ow5zhaHV.105","action":"GetUpdates", "result":"DeleteReceived", "context":{"id":"6113b5d6-362d-453a-9b0a-9b61b37875a9", "isDeleted:":"true", "version":"1732323449971"}}
{"logTime": "1124/224951", "correlationVector":"yWANl2AOv2ryB8Ow5zhaHV.106","action":"GetUpdates", "result":"DeleteReceived", "context":{"id":"3fec2fd1-2471-4254-82df-b09ecb74984f", "isDeleted:":"true", "version":"1732323449972"}}
{"logTime": "1124/224951", "correlationVector":"yWANl2AOv2ryB8Ow5zhaHV.107","action":"GetUpdates", "result":"DeleteReceived", "context":{"id":"d1ceaffb-fc9b-47c0-833c-828b3c508e94", "isDeleted:":"true", "version":"1732323449973"}}
{"logTime": "1124/224951", "correlationVector":"yWANl2AOv2ryB8Ow5zhaHV.108","action":"GetUpdates", "result":"DeleteReceived", "context":{"id":"2715e9e8-d545-42e4-ae8e-b0f20277e0ec", "isDeleted:":"true", "version":"1732323449974"}}
{"logTime": "1124/224951", "correlationVector":"yWANl2AOv2ryB8Ow5zhaHV.109","action":"GetUpdates", "result":"DeleteReceived", "context":{"id":"fd4ce549-2342-45b1-8c2a-12eb752d1a22", "isDeleted:":"true", "version":"1732323449975"}}
{"logTime": "1124/224951", "correlationVector":"yWANl2AOv2ryB8Ow5zhaHV.110","action":"GetUpdates", "result":"DeleteReceived", "context":{"id":"1b8ad239-8857-4047-abf9-509cab93efb6", "isDeleted:":"true", "version":"1732323449976"}}
{"logTime": "1124/224951", "correlationVector":"yWANl2AOv2ryB8Ow5zhaHV.111","action":"GetUpdates", "result":"DeleteReceived", "context":{"id":"37f47cf7-5bfd-4bb3-9174-27a85c813cfb", "isDeleted:":"true", "version":"1732323449977"}}
{"logTime": "1124/224951", "correlationVector":"yWANl2AOv2ryB8Ow5zhaHV.112","action":"GetUpdates", "result":"DeleteReceived", "context":{"id":"b853745a-35da-4b37-bd23-8d805c42e775", "isDeleted:":"true", "version":"1732323449978"}}
{"logTime": "1124/224951", "correlationVector":"yWANl2AOv2ryB8Ow5zhaHV.113","action":"GetUpdates", "result":"DeleteReceived", "context":{"id":"06728fa4-105a-45b0-8a22-1d3649d0141c", "isDeleted:":"true", "version":"1732323449979"}}
{"logTime": "1124/224951", "correlationVector":"yWANl2AOv2ryB8Ow5zhaHV.114","action":"GetUpdates", "result":"DeleteReceived", "context":{"id":"534c18dc-e4bb-4b31-8dfd-973ce1d1285b", "isDeleted:":"true", "version":"1732323449980"}}
{"logTime": "1124/224951", "correlationVector":"yWANl2AOv2ryB8Ow5zhaHV.115","action":"GetUpdates", "result":"DeleteReceived", "context":{"id":"e2073118-adbc-445d-ad21-d36c03def49a", "isDeleted:":"true", "version":"1732323449981"}}
{"logTime": "1124/224951", "correlationVector":"yWANl2AOv2ryB8Ow5zhaHV.116","action":"GetUpdates", "result":"DeleteReceived", "context":{"id":"eabf4ead-f6d0-4e9c-ba17-20bed932e6fc", "isDeleted:":"true", "version":"1732323449982"}}
{"logTime": "1124/224951", "correlationVector":"yWANl2AOv2ryB8Ow5zhaHV.117","action":"GetUpdates", "result":"DeleteReceived", "context":{"id":"b2d7c5a5-d214-4b91-902f-421f0dad1923", "isDeleted:":"true", "version":"1732323449983"}}
{"logTime": "1124/224951", "correlationVector":"yWANl2AOv2ryB8Ow5zhaHV.118","action":"GetUpdates", "result":"DeleteReceived", "context":{"id":"f998bc3a-e392-40a7-ae87-d45bca200d2c", "isDeleted:":"true", "version":"1732323449984"}}
{"logTime": "1124/224951", "correlationVector":"yWANl2AOv2ryB8Ow5zhaHV.119","action":"GetUpdates", "result":"DeleteReceived", "context":{"id":"75d5cfdd-9ec1-4c7a-be5e-731c7cb3f3c7", "isDeleted:":"true", "version":"1732323449985"}}
{"logTime": "1124/224951", "correlationVector":"yWANl2AOv2ryB8Ow5zhaHV.120","action":"GetUpdates", "result":"DeleteReceived", "context":{"id":"4007ed55-3ccf-4fdf-9823-29bdaa031311", "isDeleted:":"true", "version":"1732323449986"}}
{"logTime": "1124/224951", "correlationVector":"yWANl2AOv2ryB8Ow5zhaHV.121","action":"GetUpdates", "result":"DeleteReceived", "context":{"id":"ca6278cb-327e-4c3c-a65a-3e6e75454a52", "isDeleted:":"true", "version":"1732323449987"}}
{"logTime": "1124/224951", "correlationVector":"yWANl2AOv2ryB8Ow5zhaHV.122","action":"GetUpdates", "result":"DeleteReceived", "context":{"id":"26d4e411-21db-4f8a-8e4e-cd852a5a2dde", "isDeleted:":"true", "version":"1732323449988"}}
{"logTime": "1124/224951", "correlationVector":"yWANl2AOv2ryB8Ow5zhaHV.123","action":"GetUpdates", "result":"DeleteReceived", "context":{"id":"48a579e0-4baa-4815-8fef-eab641126618", "isDeleted:":"true", "version":"1732323449989"}}
{"logTime": "1124/224951", "correlationVector":"yWANl2AOv2ryB8Ow5zhaHV.124","action":"GetUpdates", "result":"DeleteReceived", "context":{"id":"82b163aa-6f33-47b7-ab67-5f341ac932c0", "isDeleted:":"true", "version":"1732323449990"}}
{"logTime": "1124/224951", "correlationVector":"yWANl2AOv2ryB8Ow5zhaHV.125","action":"GetUpdates", "result":"DeleteReceived", "context":{"id":"b8de0b4e-661c-4254-9d5e-d9f012ffecf8", "isDeleted:":"true", "version":"1732323454554"}}
{"logTime": "1124/224951", "correlationVector":"yWANl2AOv2ryB8Ow5zhaHV.126","action":"GetUpdates", "result":"DeleteReceived", "context":{"id":"6611f6e8-656b-4932-bdb9-cccbe7d80b89", "isDeleted:":"true", "version":"1732323454555"}}
{"logTime": "1124/224951", "correlationVector":"yWANl2AOv2ryB8Ow5zhaHV.127","action":"GetUpdates", "result":"DeleteReceived", "context":{"id":"6a0fd776-51b9-4dd1-ae6a-eaefc4c70318", "isDeleted:":"true", "version":"1732323454556"}}
{"logTime": "1124/224951", "correlationVector":"yWANl2AOv2ryB8Ow5zhaHV.128","action":"GetUpdates", "result":"DeleteReceived", "context":{"id":"a9a91add-f370-4cf9-992d-eaf723e49f2f", "isDeleted:":"true", "version":"1732323454557"}}
{"logTime": "1124/224951", "correlationVector":"yWANl2AOv2ryB8Ow5zhaHV.129","action":"GetUpdates", "result":"DeleteReceived", "context":{"id":"d23bbb46-a7b5-4fb6-a056-caa708a94aa0", "isDeleted:":"true", "version":"1732323454558"}}
{"logTime": "1124/224951", "correlationVector":"yWANl2AOv2ryB8Ow5zhaHV.130","action":"GetUpdates", "result":"DeleteReceived", "context":{"id":"4b57dae9-3afb-448a-b288-9c3240741e09", "isDeleted:":"true", "version":"1732323454559"}}
{"logTime": "1124/224951", "correlationVector":"yWANl2AOv2ryB8Ow5zhaHV.131","action":"GetUpdates", "result":"DeleteReceived", "context":{"id":"13a8e8d6-b84b-4027-8822-e1842a661270", "isDeleted:":"true", "version":"1732323454560"}}
{"logTime": "1124/224951", "correlationVector":"yWANl2AOv2ryB8Ow5zhaHV.132","action":"GetUpdates", "result":"DeleteReceived", "context":{"id":"beb318ce-99d1-4584-be2d-47a4373532c5", "isDeleted:":"true", "version":"1732323454561"}}
{"logTime": "1124/224951", "correlationVector":"yWANl2AOv2ryB8Ow5zhaHV.133","action":"GetUpdates", "result":"DeleteReceived", "context":{"id":"2ab911a8-0562-44d1-8537-743128f3e564", "isDeleted:":"true", "version":"1732323454562"}}
{"logTime": "1124/224951", "correlationVector":"yWANl2AOv2ryB8Ow5zhaHV.134","action":"GetUpdates", "result":"DeleteReceived", "context":{"id":"756e564c-e93f-4c74-ae0c-788ca41e0667", "isDeleted:":"true", "version":"1732323454563"}}
{"logTime": "1124/224951", "correlationVector":"yWANl2AOv2ryB8Ow5zhaHV.135","action":"GetUpdates", "result":"DeleteReceived", "context":{"id":"6d6c86f2-ef7d-4fd3-8a93-177d7dc3b88b", "isDeleted:":"true", "version":"1732323454564"}}
{"logTime": "1124/224951", "correlationVector":"yWANl2AOv2ryB8Ow5zhaHV.136","action":"GetUpdates", "result":"DeleteReceived", "context":{"id":"c19eb14a-0733-4980-957e-20e90367e281", "isDeleted:":"true", "version":"1732323454565"}}
{"logTime": "1124/224951", "correlationVector":"yWANl2AOv2ryB8Ow5zhaHV.137","action":"GetUpdates", "result":"DeleteReceived", "context":{"id":"316542af-ccb7-4107-943a-5e040c14667f", "isDeleted:":"true", "version":"1732323454566"}}
{"logTime": "1124/224951", "correlationVector":"yWANl2AOv2ryB8Ow5zhaHV.138","action":"GetUpdates", "result":"DeleteReceived", "context":{"id":"855a48d9-4c3e-4e1b-8feb-7d514de8f462", "isDeleted:":"true", "version":"1732323454567"}}
{"logTime": "1124/224951", "correlationVector":"yWANl2AOv2ryB8Ow5zhaHV.139","action":"GetUpdates", "result":"DeleteReceived", "context":{"id":"59194892-ca8d-430b-8355-2d8f6c022e99", "isDeleted:":"true", "version":"1732323454568"}}
{"logTime": "1124/224951", "correlationVector":"yWANl2AOv2ryB8Ow5zhaHV.140","action":"GetUpdates", "result":"DeleteReceived", "context":{"id":"e150f7e9-3002-4a99-87e5-c51026429f96", "isDeleted:":"true", "version":"1732323454569"}}
{"logTime": "1124/224951", "correlationVector":"yWANl2AOv2ryB8Ow5zhaHV.141","action":"GetUpdates", "result":"DeleteReceived", "context":{"id":"5bccd9ed-6cf2-49a0-a724-ea2b82ceba76", "isDeleted:":"true", "version":"1732323454570"}}
{"logTime": "1124/224951", "correlationVector":"yWANl2AOv2ryB8Ow5zhaHV.142","action":"GetUpdates", "result":"DeleteReceived", "context":{"id":"09e73b95-f699-4582-b665-8508d404ff87", "isDeleted:":"true", "version":"1732323454571"}}
{"logTime": "1124/224951", "correlationVector":"yWANl2AOv2ryB8Ow5zhaHV.143","action":"GetUpdates", "result":"DeleteReceived", "context":{"id":"81a923f0-c380-45be-9a65-3fa026e5daf1", "isDeleted:":"true", "version":"1732323454572"}}
{"logTime": "1124/224951", "correlationVector":"yWANl2AOv2ryB8Ow5zhaHV.144","action":"GetUpdates Response", "result":"Success", "context":Received 146 update(s). cV=yWANl2AOv2ryB8Ow5zhaHV.0;server=GENERAL0100001G;cloudType=Consumer;environment=Prod_WestEurope_000l;migrationStage=NotStarted}
{"logTime": "1124/224951", "correlationVector":"euUExy5pF5yNRvIFQYRaPN","action":"Initial GetUpdates", "result":"", "context":Reason: NEWLY_SUPPORTED_DATATYPE. cV=euUExy5pF5yNRvIFQYRaPN}
{"logTime": "1124/224951", "correlationVector":"euUExy5pF5yNRvIFQYRaPN.1","action":"SyncServerConnectionManagerRequest", "result":"SYNC_SERVER_OK", "context":{"environment":"Prod_WestEurope_000l", "migrationStage":"NotStarted", "server":"general0100001E"}}
{"logTime": "1124/224951", "correlationVector":"euUExy5pF5yNRvIFQYRaPN.2","action":"GetUpdates Response", "result":"Success", "context":Received 27 update(s). cV=euUExy5pF5yNRvIFQYRaPN.0;server=general0100001E;cloudType=Consumer;environment=Prod_WestEurope_000l;migrationStage=NotStarted}
{"logTime": "1124/224951", "correlationVector":"e8dK0SsD17aR2jM4El5ci/","action":"Normal GetUpdate request", "result":"", "context":cV=e8dK0SsD17aR2jM4El5ci/
Nudged types: Sessions, Device Info
Refresh requested types: Bookmarks, Preferences, Passwords, Autofill Profiles, Autofill, Extensions, Sessions, Extension settings, History Delete Directives, Device Info, User Consents, Send Tab To Self, Web Apps, History, Collection, Edge E Drop, Edge Hub App Usage, Edge Tab Group, Edge Wallet, Encryption Keys}
{"logTime": "1124/224952", "correlationVector":"e8dK0SsD17aR2jM4El5ci/.1","action":"SyncServerConnectionManagerRequest", "result":"SYNC_SERVER_OK", "context":{"environment":"Prod_WestEurope_000l", "migrationStage":"NotStarted", "server":"GENERAL0100001F"}}
{"logTime": "1124/224952", "correlationVector":"e8dK0SsD17aR2jM4El5ci/.2","action":"GetUpdates Response", "result":"Success", "context":Received 4 update(s). cV=e8dK0SsD17aR2jM4El5ci/.0;server=GENERAL0100001F;cloudType=Consumer;environment=Prod_WestEurope_000l;migrationStage=NotStarted}
{"logTime": "1124/224952", "correlationVector":"s+fcuasqqeKnMcUB99Dycc","action":"Commit Request", "result":"", "context":Item count: 4
Contributing types: Sessions, Device Info}
{"logTime": "1124/224952", "correlationVector":"s+fcuasqqeKnMcUB99Dycc.1","action":"SyncServerConnectionManagerRequest", "result":"SYNC_SERVER_OK", "context":{"environment":"Prod_WestEurope_000l", "migrationStage":"NotStarted", "server":"GENERAL0100000C"}}
{"logTime": "1124/224952", "correlationVector":"s+fcuasqqeKnMcUB99Dycc.3","action":"Commit.Sessions", "result":"Success", "context":{"id":"453c6d78-877b-4242-9ad8-90938faf6f86", "isDeleted":"true", "size":"0", "version":"1732488360665"}}
{"logTime": "1124/224952", "correlationVector":"s+fcuasqqeKnMcUB99Dycc.2","action":"Commit Response", "result":"Success", "context":Result: Success. cV=s+fcuasqqeKnMcUB99Dycc.0;server=GENERAL0100000C;cloudType=Consumer;environment=Prod_WestEurope_000l;migrationStage=NotStarted}
{"logTime": "1124/225001", "correlationVector":"z447h953743sOH/OjNLEOX","action":"Commit Request", "result":"", "context":Item count: 3
Contributing types: Preferences, Passwords}
{"logTime": "1124/225004", "correlationVector":"z447h953743sOH/OjNLEOX.1","action":"SyncServerConnectionManagerRequest", "result":"SYNC_SERVER_OK", "context":{"environment":"Prod_WestEurope_000l", "migrationStage":"NotStarted", "server":"GENERAL0100000R"}}
{"logTime": "1124/225004", "correlationVector":"z447h953743sOH/OjNLEOX.2","action":"Commit Response", "result":"Success", "context":Result: Success. cV=z447h953743sOH/OjNLEOX.0;server=GENERAL0100000R;cloudType=Consumer;environment=Prod_WestEurope_000l;migrationStage=NotStarted}
{"logTime": "1124/225108", "correlationVector":"C50j500rzBe447b7A8rnz6","action":"Commit Request", "result":"", "context":Item count: 3
Contributing types: Sessions, History}
{"logTime": "1124/225110", "correlationVector":"C50j500rzBe447b7A8rnz6","action":"SyncServerConnectionManagerRequest", "result":"CONNECTION_UNAVAILABLE", "context":{"error_type":"net_error_code", "error_value":"-101"}}
{"logTime": "1124/225110", "correlationVector":"dBKayCSyuAg68YG7eBOEw1.0","action":"Commit Response", "result":"Network error (ERR_CONNECTION_RESET)", "context":Result: Network error (ERR_CONNECTION_RESET). }
{"logTime": "1124/225155", "correlationVector":"/MudiV3sRJVfGpA8BUkKZW","action":"Commit Request", "result":"", "context":Item count: 3
Contributing types: Sessions, History}
{"logTime": "1124/225200", "correlationVector":"/MudiV3sRJVfGpA8BUkKZW.1","action":"SyncServerConnectionManagerRequest", "result":"SYNC_SERVER_OK", "context":{"environment":"Prod_WestEurope_000l", "migrationStage":"NotStarted", "server":"GENERAL0100000T"}}
{"logTime": "1124/225200", "correlationVector":"/MudiV3sRJVfGpA8BUkKZW.2","action":"Commit Response", "result":"Success", "context":Result: Success. cV=/MudiV3sRJVfGpA8BUkKZW.0;server=GENERAL0100000T;cloudType=Consumer;environment=Prod_WestEurope_000l;migrationStage=NotStarted}
